\BOOKMARK [0][]{chapter*.2}{List of Figures}{}% 1
\BOOKMARK [0][]{chapter.1}{1 Introduction}{}% 2
\BOOKMARK [1][]{section.1.1}{1.1 General Relativity}{chapter.1}% 3
\BOOKMARK [1][]{section.1.2}{1.2 Modifying General Relativity}{chapter.1}% 4
\BOOKMARK [1][]{section.1.3}{1.3 Infinite Derivative Theory of Gravity}{chapter.1}% 5
\BOOKMARK [1][]{section.1.4}{1.4 Organisation of Thesis}{chapter.1}% 6
\BOOKMARK [0][]{chapter.2}{2 Infinite Derivative Gravity}{}% 7
\BOOKMARK [1][]{section.2.1}{2.1 Derivation of Action}{chapter.2}% 8
\BOOKMARK [1][]{section.2.2}{2.2 Equations of Motion}{chapter.2}% 9
\BOOKMARK [2][]{subsection.2.2.1}{2.2.1 General Methodology}{section.2.2}% 10
\BOOKMARK [2][]{subsection.2.2.2}{2.2.2 S0}{section.2.2}% 11
\BOOKMARK [2][]{subsection.2.2.3}{2.2.3 S1}{section.2.2}% 12
\BOOKMARK [2][]{subsection.2.2.4}{2.2.4 S2}{section.2.2}% 13
\BOOKMARK [2][]{subsection.2.2.5}{2.2.5 S3}{section.2.2}% 14
\BOOKMARK [2][]{subsection.2.2.6}{2.2.6 The Complete Field Equations}{section.2.2}% 15
\BOOKMARK [1][]{section.2.3}{2.3 Linearised Field Equations around Minkowski Space}{chapter.2}% 16
\BOOKMARK [1][]{section.2.4}{2.4 Linearised Field Equations around de Sitter Space}{chapter.2}% 17
\BOOKMARK [0][]{chapter.3}{3 Ghost-free Conditions}{}% 18
\BOOKMARK [1][]{section.3.1}{3.1 Modified Propagator around Minkowski Space}{chapter.3}% 19
\BOOKMARK [1][]{section.3.2}{3.2 Examples of Pathological Behaviour}{chapter.3}% 20
\BOOKMARK [1][]{section.3.3}{3.3 Ghost-free Conditions}{chapter.3}% 21
\BOOKMARK [2][]{subsection.3.3.1}{3.3.1 Motivation from Scalar-Tensor Theory}{section.3.3}% 22
\BOOKMARK [2][]{subsection.3.3.2}{3.3.2 Entire functions}{section.3.3}% 23
\BOOKMARK [2][]{subsection.3.3.3}{3.3.3 Ghost-free condition around Minkowski Space}{section.3.3}% 24
\BOOKMARK [0][]{chapter.4}{4 Singularity-free Theories of Gravity}{}% 25
\BOOKMARK [1][]{section.4.1}{4.1 What is a Singularity?}{chapter.4}% 26
\BOOKMARK [1][]{section.4.2}{4.2 Hawking-Penrose Singularity Theorem}{chapter.4}% 27
\BOOKMARK [1][]{section.4.3}{4.3 The Raychaudhuri Equation and General Relativity}{chapter.4}% 28
\BOOKMARK [2][]{subsection.4.3.1}{4.3.1 Normalization of Timelike and Null Geodesics}{section.4.3}% 29
\BOOKMARK [2][]{subsection.4.3.2}{4.3.2 Derivation of Raychaudhuri Equation}{section.4.3}% 30
\BOOKMARK [2][]{subsection.4.3.3}{4.3.3 Convergence Conditions}{section.4.3}% 31
\BOOKMARK [2][]{subsection.4.3.4}{4.3.4 Rotation and Convergence}{section.4.3}% 32
\BOOKMARK [2][]{subsection.4.3.5}{4.3.5 Cosmological Expansion}{section.4.3}% 33
\BOOKMARK [1][]{section.4.4}{4.4 Defocusing Conditions for Infinite Derivative Gravity around Minkowski Space}{chapter.4}% 34
\BOOKMARK [2][]{subsection.4.4.1}{4.4.1 Comparison with Starobinsky Model}{section.4.4}% 35
\BOOKMARK [1][]{section.4.5}{4.5 Bouncing Solution}{chapter.4}% 36
\BOOKMARK [2][]{subsection.4.5.1}{4.5.1 Integral Form}{section.4.5}% 37
\BOOKMARK [1][]{section.4.6}{4.6 A simpler action of gravity.}{chapter.4}% 38
\BOOKMARK [1][]{section.4.7}{4.7 Defocusing Conditions around de Sitter Space}{chapter.4}% 39
\BOOKMARK [0][]{chapter.5}{5 Conclusion}{}% 40
\BOOKMARK [0][]{Appendix.1.A}{Appendix A Useful Identities and Notations}{}% 41
\BOOKMARK [1][]{section.1.A.1}{A.1 Curvature}{Appendix.1.A}% 42
\BOOKMARK [1][]{section.1.A.2}{A.2 Bianchi Identities}{Appendix.1.A}% 43
\BOOKMARK [1][]{section.1.A.3}{A.3 Variation of Curvature}{Appendix.1.A}% 44
\BOOKMARK [2][]{subsection.1.A.3.1}{A.3.1 \(\)R}{section.1.A.3}% 45
\BOOKMARK [2][]{subsection.1.A.3.2}{A.3.2 \(\)R}{section.1.A.3}% 46
\BOOKMARK [2][]{subsection.1.A.3.3}{A.3.3 \(\)R}{section.1.A.3}% 47
\BOOKMARK [0][]{Appendix.1.B}{Appendix B Friedmann-Lema\356tre-Robertson-Walker Framework}{}% 48
\BOOKMARK [0][]{Appendix.1.C}{Appendix C Newtonian Potential}{}% 49
\BOOKMARK [0][]{Appendix.1.D}{Appendix D A Note on the Gravitational Entropy}{}% 50
\BOOKMARK [0][]{chapter*.28}{References}{}% 51
