This is pdfTeX, Version 3.14159265-2.6-1.40.17 (MiKTeX 2.9) (preloaded format=pdflatex 2016.8.26)  4 JUL 2017 17:34
entering extended mode
**./thesis.tex
(thesis.tex
LaTeX2e <2016/03/31> patch level 3
Babel <3.9r> and hyphenation patterns for 75 language(s) loaded.
(Latex/PhDthesisPSnPDF.cls
Document Class: Latex/PhDthesisPSnPDF 2007/09/06 v2 PhD thesis class
("C:\Program Files (x86)\MiKTeX 2.9\tex\latex\base\book.cls"
Document Class: book 2014/09/29 v1.4h Standard LaTeX document class
("C:\Program Files (x86)\MiKTeX 2.9\tex\latex\base\bk12.clo"
File: bk12.clo 2014/09/29 v1.4h Standard LaTeX file (size option)
)
\c@part=\count79
\c@chapter=\count80
\c@section=\count81
\c@subsection=\count82
\c@subsubsection=\count83
\c@paragraph=\count84
\c@subparagraph=\count85
\c@figure=\count86
\c@table=\count87
\abovecaptionskip=\skip41
\belowcaptionskip=\skip42
\bibindent=\dimen102
)
("C:\Program Files (x86)\MiKTeX 2.9\tex\latex\amsfonts\amssymb.sty"
Package: amssymb 2013/01/14 v3.01 AMS font symbols

("C:\Program Files (x86)\MiKTeX 2.9\tex\latex\amsfonts\amsfonts.sty"
Package: amsfonts 2013/01/14 v3.01 Basic AMSFonts support
\@emptytoks=\toks14
\symAMSa=\mathgroup4
\symAMSb=\mathgroup5
LaTeX Font Info:    Overwriting math alphabet `\mathfrak' in version `bold'
(Font)                  U/euf/m/n --> U/euf/b/n on input line 106.
))
("C:\Program Files (x86)\MiKTeX 2.9\tex\latex\graphics\graphics.sty"
Package: graphics 2016/07/10 v1.0t Standard LaTeX Graphics (DPC,SPQR)

("C:\Program Files (x86)\MiKTeX 2.9\tex\latex\graphics\trig.sty"
Package: trig 2016/01/03 v1.10 sin cos tan (DPC)
)
("C:\Program Files (x86)\MiKTeX 2.9\tex\latex\00miktex\graphics.cfg"
File: graphics.cfg 2016/06/04 v1.11 sample graphics configuration
)
Package graphics Info: Driver file: pdftex.def on input line 99.

("C:\Program Files (x86)\MiKTeX 2.9\tex\latex\graphics-def\pdftex.def"
File: pdftex.def 2016/07/10 v0.06j Graphics/color for pdfTeX

("C:\Program Files (x86)\MiKTeX 2.9\tex\generic\oberdiek\infwarerr.sty"
Package: infwarerr 2016/05/16 v1.4 Providing info/warning/error messages (HO)
)
("C:\Program Files (x86)\MiKTeX 2.9\tex\generic\oberdiek\ltxcmds.sty"
Package: ltxcmds 2016/05/16 v1.23 LaTeX kernel commands for general use (HO)
)
\Gread@gobject=\count88
))
("C:\Program Files (x86)\MiKTeX 2.9\tex\latex\oberdiek\epstopdf.sty"
Package: epstopdf 2016/05/15 v2.6 Conversion with epstopdf on the fly (HO)

("C:\Program Files (x86)\MiKTeX 2.9\tex\latex\oberdiek\epstopdf-base.sty"
Package: epstopdf-base 2016/05/15 v2.6 Base part for package epstopdf

("C:\Program Files (x86)\MiKTeX 2.9\tex\latex\oberdiek\grfext.sty"
Package: grfext 2016/05/16 v1.2 Manage graphics extensions (HO)

("C:\Program Files (x86)\MiKTeX 2.9\tex\generic\oberdiek\kvdefinekeys.sty"
Package: kvdefinekeys 2016/05/16 v1.4 Define keys (HO)
))
("C:\Program Files (x86)\MiKTeX 2.9\tex\latex\oberdiek\kvoptions.sty"
Package: kvoptions 2016/05/16 v3.12 Key value format for package options (HO)

("C:\Program Files (x86)\MiKTeX 2.9\tex\latex\graphics\keyval.sty"
Package: keyval 2014/10/28 v1.15 key=value parser (DPC)
\KV@toks@=\toks15
)
("C:\Program Files (x86)\MiKTeX 2.9\tex\generic\oberdiek\kvsetkeys.sty"
Package: kvsetkeys 2016/05/16 v1.17 Key value parser (HO)

("C:\Program Files (x86)\MiKTeX 2.9\tex\generic\oberdiek\etexcmds.sty"
Package: etexcmds 2016/05/16 v1.6 Avoid name clashes with e-TeX commands (HO)

("C:\Program Files (x86)\MiKTeX 2.9\tex\generic\oberdiek\ifluatex.sty"
Package: ifluatex 2016/05/16 v1.4 Provides the ifluatex switch (HO)
Package ifluatex Info: LuaTeX not detected.
)
Package etexcmds Info: Could not find \expanded.
(etexcmds)             That can mean that you are not using pdfTeX 1.50 or
(etexcmds)             that some package has redefined \expanded.
(etexcmds)             In the latter case, load this package earlier.
)))
("C:\Program Files (x86)\MiKTeX 2.9\tex\generic\oberdiek\pdftexcmds.sty"
Package: pdftexcmds 2016/05/21 v0.22 Utility functions of pdfTeX for LuaTeX (HO
)

("C:\Program Files (x86)\MiKTeX 2.9\tex\generic\oberdiek\ifpdf.sty"
Package: ifpdf 2016/05/14 v3.1 Provides the ifpdf switch
)
Package pdftexcmds Info: LuaTeX not detected.
Package pdftexcmds Info: \pdf@primitive is available.
Package pdftexcmds Info: \pdf@ifprimitive is available.
Package pdftexcmds Info: \pdfdraftmode found.
)
Package epstopdf-base Info: Redefining graphics rule for `.eps' on input line 4
38.
Package grfext Info: Graphics extension search list:
(grfext)             [.png,.pdf,.jpg,.mps,.jpeg,.jbig2,.jb2,.PNG,.PDF,.JPG,.JPE
G,.JBIG2,.JB2,.eps]
(grfext)             \AppendGraphicsExtensions on input line 456.
))
(C:\Users\py-setup3\AppData\Roaming\MiKTeX\2.9\tex\latex\caption\caption.sty
Package: caption 2016/02/21 v3.3-144 Customizing captions (AR)

(C:\Users\py-setup3\AppData\Roaming\MiKTeX\2.9\tex\latex\caption\caption3.sty
Package: caption3 2016/05/22 v1.7-166 caption3 kernel (AR)
Package caption3 Info: TeX engine: e-TeX on input line 67.
\captionmargin=\dimen103
\captionmargin@=\dimen104
\captionwidth=\dimen105
\caption@tempdima=\dimen106
\caption@indent=\dimen107
\caption@parindent=\dimen108
\caption@hangindent=\dimen109
)
\c@ContinuedFloat=\count89
) (C:\Users\py-setup3\AppData\Roaming\MiKTeX\2.9\tex\latex\fancyhdr\fancyhdr.st
y
\fancy@headwidth=\skip43
\f@ncyO@elh=\skip44
\f@ncyO@erh=\skip45
\f@ncyO@olh=\skip46
\f@ncyO@orh=\skip47
\f@ncyO@elf=\skip48
\f@ncyO@erf=\skip49
\f@ncyO@olf=\skip50
\f@ncyO@orf=\skip51
) ("C:\Program Files (x86)\MiKTeX 2.9\tex\latex\amsfonts\eucal.sty"
Package: eucal 2009/06/22 v3.00 Euler Script fonts
LaTeX Font Info:    Overwriting math alphabet `\EuScript' in version `bold'
(Font)                  U/eus/m/n --> U/eus/b/n on input line 33.
)
("C:\Program Files (x86)\MiKTeX 2.9\tex\generic\babel\babel.sty"
Package: babel 2016/04/23 3.9r The Babel package

*************************************
* Local config file bblopts.cfg used
*
(C:\Users\py-setup3\AppData\Roaming\MiKTeX\2.9\tex\latex\arabi\bblopts.cfg
File: bblopts.cfg 2005/09/08 v0.1 add Arabic and Farsi to "declared" options of
 babel
)
("C:\Program Files (x86)\MiKTeX 2.9\tex\latex\babel-english\english.ldf"
Language: english 2012/08/20 v3.3p English support from the babel system

("C:\Program Files (x86)\MiKTeX 2.9\tex\generic\babel\babel.def"
File: babel.def 2016/04/23 3.9r Babel common definitions
\babel@savecnt=\count90
\U@D=\dimen110
)
\l@canadian = a dialect from \language\l@american 
\l@australian = a dialect from \language\l@british 
\l@newzealand = a dialect from \language\l@british 
))
("C:\Program Files (x86)\MiKTeX 2.9\tex\latex\graphics\color.sty"
Package: color 2016/07/10 v1.1e Standard LaTeX Color (DPC)

("C:\Program Files (x86)\MiKTeX 2.9\tex\latex\00miktex\color.cfg"
File: color.cfg 2016/01/02 v1.6 sample color configuration
)
Package color Info: Driver file: pdftex.def on input line 147.

("C:\Program Files (x86)\MiKTeX 2.9\tex\latex\graphics\dvipsnam.def"
File: dvipsnam.def 2016/06/17 v3.0m Driver-dependent file (DPC,SPQR)
))
(C:\Users\py-setup3\AppData\Roaming\MiKTeX\2.9\tex\latex\footmisc\footmisc.sty
Package: footmisc 2011/06/06 v5.5b a miscellany of footnote facilities
\FN@temptoken=\toks16
\footnotemargin=\dimen111
\c@pp@next@reset=\count91
\c@@fnserial=\count92
Package footmisc Info: Declaring symbol style bringhurst on input line 855.
Package footmisc Info: Declaring symbol style chicago on input line 863.
Package footmisc Info: Declaring symbol style wiley on input line 872.
Package footmisc Info: Declaring symbol style lamport-robust on input line 883.

Package footmisc Info: Declaring symbol style lamport* on input line 903.
Package footmisc Info: Declaring symbol style lamport*-robust on input line 924
.
) (C:\Users\py-setup3\AppData\Roaming\MiKTeX\2.9\tex\latex\natbib\natbib.sty
Package: natbib 2010/09/13 8.31b (PWD, AO)
\bibhang=\skip52
\bibsep=\skip53
LaTeX Info: Redefining \cite on input line 694.
\c@NAT@ctr=\count93
)
("C:\Program Files (x86)\MiKTeX 2.9\tex\latex\base\ifthen.sty"
Package: ifthen 2014/09/29 v1.1c Standard LaTeX ifthen package (DPC)
)
("C:\Program Files (x86)\MiKTeX 2.9\tex\latex\tools\multicol.sty"
Package: multicol 2016/04/07 v1.8p multicolumn formatting (FMi)
\c@tracingmulticols=\count94
\mult@box=\box26
\multicol@leftmargin=\dimen112
\c@unbalance=\count95
\c@collectmore=\count96
\doublecol@number=\count97
\multicoltolerance=\count98
\multicolpretolerance=\count99
\full@width=\dimen113
\page@free=\dimen114
\premulticols=\dimen115
\postmulticols=\dimen116
\multicolsep=\skip54
\multicolbaselineskip=\skip55
\partial@page=\box27
\last@line=\box28
\maxbalancingoverflow=\dimen117
\mult@rightbox=\box29
\mult@grightbox=\box30
\mult@gfirstbox=\box31
\mult@firstbox=\box32
\@tempa=\box33
\@tempa=\box34
\@tempa=\box35
\@tempa=\box36
\@tempa=\box37
\@tempa=\box38
\@tempa=\box39
\@tempa=\box40
\@tempa=\box41
\@tempa=\box42
\@tempa=\box43
\@tempa=\box44
\@tempa=\box45
\@tempa=\box46
\@tempa=\box47
\@tempa=\box48
\@tempa=\box49
\c@columnbadness=\count100
\c@finalcolumnbadness=\count101
\last@try=\dimen118
\multicolovershoot=\dimen119
\multicolundershoot=\dimen120
\mult@nat@firstbox=\box50
\colbreak@box=\box51
\mc@col@check@num=\count102
)
(C:\Users\py-setup3\AppData\Roaming\MiKTeX\2.9\tex\latex\tocbibind\tocbibind.st
y
Package: tocbibind 2010/10/13 v1.5k extra ToC listings
Package tocbibind Info: The document has chapter divisions on input line 50.


Package tocbibind Note: Using chapter style headings, unless overridden.

) ("C:\Program Files (x86)\MiKTeX 2.9\tex\latex\float\float.sty"
Package: float 2001/11/08 v1.3d Float enhancements (AL)
\c@float@type=\count103
\float@exts=\toks17
\float@box=\box52
\@float@everytoks=\toks18
\@floatcapt=\box53
)
(C:\Users\py-setup3\AppData\Roaming\MiKTeX\2.9\tex\latex\subfig\subfig.sty
Package: subfig 2005/06/28 ver: 1.3 subfig package
\c@KVtest=\count104
\sf@farskip=\skip56
\sf@captopadj=\dimen121
\sf@capskip=\skip57
\sf@nearskip=\skip58
\c@subfigure=\count105
\c@subfigure@save=\count106
\c@lofdepth=\count107
\c@subtable=\count108
\c@subtable@save=\count109
\c@lotdepth=\count110
\sf@top=\skip59
\sf@bottom=\skip60
)
("C:\Program Files (x86)\MiKTeX 2.9\tex\latex\amsmath\amsmath.sty"
Package: amsmath 2016/06/28 v2.15d AMS math features
\@mathmargin=\skip61

For additional information on amsmath, use the `?' option.
("C:\Program Files (x86)\MiKTeX 2.9\tex\latex\amsmath\amstext.sty"
Package: amstext 2000/06/29 v2.01 AMS text

("C:\Program Files (x86)\MiKTeX 2.9\tex\latex\amsmath\amsgen.sty"
File: amsgen.sty 1999/11/30 v2.0 generic functions
\@emptytoks=\toks19
\ex@=\dimen122
))
("C:\Program Files (x86)\MiKTeX 2.9\tex\latex\amsmath\amsbsy.sty"
Package: amsbsy 1999/11/29 v1.2d Bold Symbols
\pmbraise@=\dimen123
)
("C:\Program Files (x86)\MiKTeX 2.9\tex\latex\amsmath\amsopn.sty"
Package: amsopn 2016/03/08 v2.02 operator names
)
\inf@bad=\count111
LaTeX Info: Redefining \frac on input line 199.
\uproot@=\count112
\leftroot@=\count113
LaTeX Info: Redefining \overline on input line 297.
\classnum@=\count114
\DOTSCASE@=\count115
LaTeX Info: Redefining \ldots on input line 394.
LaTeX Info: Redefining \dots on input line 397.
LaTeX Info: Redefining \cdots on input line 518.
\Mathstrutbox@=\box54
\strutbox@=\box55
\big@size=\dimen124
LaTeX Font Info:    Redeclaring font encoding OML on input line 634.
LaTeX Font Info:    Redeclaring font encoding OMS on input line 635.
\macc@depth=\count116
\c@MaxMatrixCols=\count117
\dotsspace@=\muskip10
\c@parentequation=\count118
\dspbrk@lvl=\count119
\tag@help=\toks20
\row@=\count120
\column@=\count121
\maxfields@=\count122
\andhelp@=\toks21
\eqnshift@=\dimen125
\alignsep@=\dimen126
\tagshift@=\dimen127
\tagwidth@=\dimen128
\totwidth@=\dimen129
\lineht@=\dimen130
\@envbody=\toks22
\multlinegap=\skip62
\multlinetaggap=\skip63
\mathdisplay@stack=\toks23
LaTeX Info: Redefining \[ on input line 2739.
LaTeX Info: Redefining \] on input line 2740.
)
("C:\Program Files (x86)\MiKTeX 2.9\tex\latex\hyperref\hyperref.sty"
Package: hyperref 2016/06/24 v6.83q Hypertext links for LaTeX

("C:\Program Files (x86)\MiKTeX 2.9\tex\generic\oberdiek\hobsub-hyperref.sty"
Package: hobsub-hyperref 2016/05/16 v1.14 Bundle oberdiek, subset hyperref (HO)


("C:\Program Files (x86)\MiKTeX 2.9\tex\generic\oberdiek\hobsub-generic.sty"
Package: hobsub-generic 2016/05/16 v1.14 Bundle oberdiek, subset generic (HO)
Package: hobsub 2016/05/16 v1.14 Construct package bundles (HO)
Package hobsub Info: Skipping package `infwarerr' (already loaded).
Package hobsub Info: Skipping package `ltxcmds' (already loaded).
Package hobsub Info: Skipping package `ifluatex' (already loaded).
Package: ifvtex 2016/05/16 v1.6 Detect VTeX and its facilities (HO)
Package ifvtex Info: VTeX not detected.
Package: intcalc 2016/05/16 v1.2 Expandable calculations with integers (HO)
Package hobsub Info: Skipping package `ifpdf' (already loaded).
Package hobsub Info: Skipping package `etexcmds' (already loaded).
Package hobsub Info: Skipping package `kvsetkeys' (already loaded).
Package hobsub Info: Skipping package `kvdefinekeys' (already loaded).
Package hobsub Info: Skipping package `pdftexcmds' (already loaded).
Package: pdfescape 2016/05/16 v1.14 Implements pdfTeX's escape features (HO)
Package: bigintcalc 2016/05/16 v1.4 Expandable calculations on big integers (HO
)
Package: bitset 2016/05/16 v1.2 Handle bit-vector datatype (HO)
Package: uniquecounter 2016/05/16 v1.3 Provide unlimited unique counter (HO)
)
Package hobsub Info: Skipping package `hobsub' (already loaded).
Package: letltxmacro 2016/05/16 v1.5 Let assignment for LaTeX macros (HO)
Package: hopatch 2016/05/16 v1.3 Wrapper for package hooks (HO)
Package: xcolor-patch 2016/05/16 xcolor patch
Package: atveryend 2016/05/16 v1.9 Hooks at the very end of document (HO)
Package atveryend Info: \enddocument detected (standard20110627).
Package: atbegshi 2016/06/09 v1.18 At begin shipout hook (HO)
Package: refcount 2016/05/16 v3.5 Data extraction from label references (HO)
Package: hycolor 2016/05/16 v1.8 Color options for hyperref/bookmark (HO)
)
("C:\Program Files (x86)\MiKTeX 2.9\tex\generic\ifxetex\ifxetex.sty"
Package: ifxetex 2010/09/12 v0.6 Provides ifxetex conditional
)
("C:\Program Files (x86)\MiKTeX 2.9\tex\latex\oberdiek\auxhook.sty"
Package: auxhook 2016/05/16 v1.4 Hooks for auxiliary files (HO)
)
\@linkdim=\dimen131
\Hy@linkcounter=\count123
\Hy@pagecounter=\count124

("C:\Program Files (x86)\MiKTeX 2.9\tex\latex\hyperref\pd1enc.def"
File: pd1enc.def 2016/06/24 v6.83q Hyperref: PDFDocEncoding definition (HO)
)
\Hy@SavedSpaceFactor=\count125

("C:\Program Files (x86)\MiKTeX 2.9\tex\latex\00miktex\hyperref.cfg"
File: hyperref.cfg 2002/06/06 v1.2 hyperref configuration of TeXLive
)
Package hyperref Info: Option `plainpages' set `false' on input line 4362.
Package hyperref Info: Option `pdfpagelabels' set `true' on input line 4362.


Package hyperref Warning: Values of option `pdfpagelayout':
(hyperref)                * `SinglePage'
(hyperref)                * `OneColumn'
(hyperref)                * `TwoColumnLeft'
(hyperref)                * `TwoColumnRight'
(hyperref)                * `TwoPageLeft' (PDF 1.5)
(hyperref)                * `TwoPageRight' (PDF 1.5)
(hyperref)                * An empty value disables the option.
(hyperref)                Unknown value `useoutlines' on input line 4362.

Package hyperref Info: Option `bookmarks' set `true' on input line 4362.
Package hyperref Info: Option `bookmarksopen' set `true' on input line 4362.
Package hyperref Info: Option `bookmarksnumbered' set `true' on input line 4362
.
Package hyperref Info: Option `breaklinks' set `true' on input line 4362.
Package hyperref Info: Option `linktocpage' set `true' on input line 4362.
Package hyperref Info: Option `colorlinks' set `false' on input line 4362.
Package hyperref Info: Option `hyperindex' set `true' on input line 4362.
Package hyperref Info: Option `hyperfigures' set `true' on input line 4362.
Package hyperref Info: Hyper figures ON on input line 4484.
Package hyperref Info: Link nesting OFF on input line 4491.
Package hyperref Info: Hyper index ON on input line 4494.
Package hyperref Info: Plain pages OFF on input line 4501.
Package hyperref Info: Backreferencing OFF on input line 4506.
Package hyperref Info: Implicit mode ON; LaTeX internals redefined.
Package hyperref Info: Bookmarks ON on input line 4735.
\c@Hy@tempcnt=\count126
(C:\Users\py-setup3\AppData\Roaming\MiKTeX\2.9\tex\latex\url\url.sty
\Urlmuskip=\muskip11
Package: url 2013/09/16  ver 3.4  Verb mode for urls, etc.
)
LaTeX Info: Redefining \url on input line 5088.
\XeTeXLinkMargin=\dimen132
\Fld@menulength=\count127
\Field@Width=\dimen133
\Fld@charsize=\dimen134
Package hyperref Info: Hyper figures ON on input line 6340.
Package hyperref Info: Link nesting OFF on input line 6347.
Package hyperref Info: Hyper index ON on input line 6350.
Package hyperref Info: backreferencing OFF on input line 6357.
Package hyperref Info: Link coloring OFF on input line 6362.
Package hyperref Info: Link coloring with OCG OFF on input line 6367.
Package hyperref Info: PDF/A mode OFF on input line 6372.
LaTeX Info: Redefining \ref on input line 6412.
LaTeX Info: Redefining \pageref on input line 6416.
\Hy@abspage=\count128
\c@Item=\count129
\c@Hfootnote=\count130
)

Package hyperref Message: Driver: hpdftex.

("C:\Program Files (x86)\MiKTeX 2.9\tex\latex\hyperref\hpdftex.def"
File: hpdftex.def 2016/06/24 v6.83q Hyperref driver for pdfTeX
\Fld@listcount=\count131
\c@bookmark@seq@number=\count132

("C:\Program Files (x86)\MiKTeX 2.9\tex\latex\oberdiek\rerunfilecheck.sty"
Package: rerunfilecheck 2016/05/16 v1.8 Rerun checks for auxiliary files (HO)
Package uniquecounter Info: New unique counter `rerunfilecheck' on input line 2
82.
)
\Hy@SectionHShift=\skip64
)
("C:\Program Files (x86)\MiKTeX 2.9\tex\latex\graphics\graphicx.sty"
Package: graphicx 2014/10/28 v1.0g Enhanced LaTeX Graphics (DPC,SPQR)
\Gin@req@height=\dimen135
\Gin@req@width=\dimen136
)
("C:\Program Files (x86)\MiKTeX 2.9\tex\latex\graphics\rotating.sty"
Package: rotating 2016/05/22 v2.16c rotated objects in LaTeX
\c@r@tfl@t=\count133
\rotFPtop=\skip65
\rotFPbot=\skip66
\rot@float@box=\box56
\rot@mess@toks=\toks24
)
(C:\Users\py-setup3\AppData\Roaming\MiKTeX\2.9\tex\latex\appendix\appendix.sty
Package: appendix 2009/09/02 v1.2b extra appendix facilities
\c@@pps=\count134
\c@@ppsavesec=\count135
\c@@ppsaveapp=\count136
) (C:\Users\py-setup3\AppData\Roaming\MiKTeX\2.9\tex\latex\setspace\setspace.st
y
Package: setspace 2011/12/19 v6.7a set line spacing
)) ("C:\Program Files (x86)\MiKTeX 2.9\tex\latex\amscls\amsthm.sty"
Package: amsthm 2015/03/04 v2.20.2
\thm@style=\toks25
\thm@bodyfont=\toks26
\thm@headfont=\toks27
\thm@notefont=\toks28
\thm@headpunct=\toks29
\thm@preskip=\skip67
\thm@postskip=\skip68
\thm@headsep=\skip69
\dth@everypar=\toks30
)
(thesis.aux (preface/abstract.aux) (preface/dedication.aux)
(preface/acknowledgements.aux) (preface/declaration.aux) (preface/quote.aux)
(preface/pubs.aux) (Introduction/introduction.aux) (Chapter/Chapter.aux

LaTeX Warning: Label `weyl' multiply defined.


LaTeX Warning: Label `theorem:sing1' multiply defined.

) (Conclusion/conclusion.aux))
\openout1 = `thesis.aux'.

LaTeX Font Info:    Checking defaults for OML/cmm/m/it on input line 43.
LaTeX Font Info:    ... okay on input line 43.
LaTeX Font Info:    Checking defaults for T1/cmr/m/n on input line 43.
LaTeX Font Info:    ... okay on input line 43.
LaTeX Font Info:    Checking defaults for OT1/cmr/m/n on input line 43.
LaTeX Font Info:    ... okay on input line 43.
LaTeX Font Info:    Checking defaults for OMS/cmsy/m/n on input line 43.
LaTeX Font Info:    ... okay on input line 43.
LaTeX Font Info:    Checking defaults for OMX/cmex/m/n on input line 43.
LaTeX Font Info:    ... okay on input line 43.
LaTeX Font Info:    Checking defaults for U/cmr/m/n on input line 43.
LaTeX Font Info:    ... okay on input line 43.
LaTeX Font Info:    Checking defaults for PD1/pdf/m/n on input line 43.
LaTeX Font Info:    ... okay on input line 43.

(C:\Users\py-setup3\AppData\Roaming\MiKTeX\2.9\tex\context\base\supp-pdf.mkii
[Loading MPS to PDF converter (version 2006.09.02).]
\scratchcounter=\count137
\scratchdimen=\dimen137
\scratchbox=\box57
\nofMPsegments=\count138
\nofMParguments=\count139
\everyMPshowfont=\toks31
\MPscratchCnt=\count140
\MPscratchDim=\dimen138
\MPnumerator=\count141
\makeMPintoPDFobject=\count142
\everyMPtoPDFconversion=\toks32
)
Package caption Info: Begin \AtBeginDocument code.
Package caption Info: subfig package v1.3 is loaded.
Package caption Info: float package is loaded.
Package caption Info: hyperref package is loaded.
Package caption Info: rotating package is loaded.
Package caption Info: End \AtBeginDocument code.
\AtBeginShipoutBox=\box58
Package hyperref Info: Link coloring OFF on input line 43.
 ("C:\Program Files (x86)\MiKTeX 2.9\tex\latex\hyperref\nameref.sty"
Package: nameref 2016/05/21 v2.44 Cross-referencing by name of section

("C:\Program Files (x86)\MiKTeX 2.9\tex\generic\oberdiek\gettitlestring.sty"
Package: gettitlestring 2016/05/16 v1.5 Cleanup title references (HO)
)
\c@section@level=\count143
)
LaTeX Info: Redefining \ref on input line 43.
LaTeX Info: Redefining \pageref on input line 43.
LaTeX Info: Redefining \nameref on input line 43.

(thesis.out) (thesis.out)
\@outlinefile=\write3
\openout3 = `thesis.out'.

\c@theorem=\count144
\c@definition=\count145

<lancaster_University_Logo.png, id=207, 381.425pt x 119.44624pt>
File: lancaster_University_Logo.png Graphic file (type png)

<use lancaster_University_Logo.png>
Package pdftex.def Info: lancaster_University_Logo.png used on input line 80.
(pdftex.def)             Requested size: 113.81102pt x 35.64095pt.
 [1

{C:/Users/py-setup3/AppData/Local/MiKTeX/2.9/pdftex/config/pdftex.map} <./lanca
ster_University_Logo.png>]
\openout2 = `preface/abstract.aux'.


(preface/abstract.tex [2

])
\openout2 = `preface/dedication.aux'.

 (preface/dedication.texpdfTeX warning (ext4): destination with the same identi
fier (name{page.i}) has been already used, duplicate ignored
<to be read again> 
                   \relax 
l.6 \end{dedication}
                     [1



])
\openout2 = `preface/acknowledgements.aux'.

 (preface/acknowledgements.texpdfTeX warning (ext4): destination with the same 
identifier (name{page.ii}) has been already used, duplicate ignored
<to be read again> 
                   \relax 
l.14 \end{acknowledgements}
                            [2


])
\openout2 = `preface/declaration.aux'.

 (preface/declaration.tex [3


])
\openout2 = `preface/quote.aux'.


(preface/quote.tex) [4


] (thesis.toc
LaTeX Font Info:    Try loading font information for U+msa on input line 4.

("C:\Program Files (x86)\MiKTeX 2.9\tex\latex\amsfonts\umsa.fd"
File: umsa.fd 2013/01/14 v3.01 AMS symbols A
)
LaTeX Font Info:    Try loading font information for U+msb on input line 4.

("C:\Program Files (x86)\MiKTeX 2.9\tex\latex\amsfonts\umsb.fd"
File: umsb.fd 2013/01/14 v3.01 AMS symbols B
) [5


] [6])
\tf@toc=\write4
\openout4 = `thesis.toc'.


[7] (thesis.lof
Underfull \vbox (badness 10000) has occurred while \output is active []

 [8

])
\tf@lof=\write5
\openout5 = `thesis.lof'.


[9]
\openout2 = `preface/pubs.aux'.

 (preface/pubs.tex
LaTeX Font Info:    Try loading font information for OMS+cmr on input line 61.

("C:\Program Files (x86)\MiKTeX 2.9\tex\latex\base\omscmr.fd"
File: omscmr.fd 2014/09/29 v2.5h Standard LaTeX font definitions
)
LaTeX Font Info:    Font shape `OMS/cmr/m/n' in size <12> not available
(Font)              Font shape `OMS/cmsy/m/n' tried instead on input line 61.
 [10

])
\openout2 = `Introduction/introduction.aux'.


(Introduction/introduction.tex
Chapter 1.
[1




] [2]
LaTeX Font Info:    Try loading font information for U+eus on input line 14.
 ("C:\Program Files (x86)\MiKTeX 2.9\tex\latex\amsfonts\ueus.fd"
File: ueus.fd 2013/01/14 v3.01 Euler Script
)
[3] [4] [5] [6]
Underfull \vbox (badness 6641) has occurred while \output is active []

 [7]
[8] [9] [10]
Underfull \vbox (badness 10000) has occurred while \output is active []

 [11]
[12] [13] <monomialgraph.pdf, id=641, 858.20625pt x 509.905pt>
File: monomialgraph.pdf Graphic file (type pdf)

<use monomialgraph.pdf>
Package pdftex.def Info: monomialgraph.pdf used on input line 257.
(pdftex.def)             Requested size: 343.27641pt x 203.95837pt.
 [14 <./monomialgraph.pdf>]
<IRpotentials.pdf, id=672, 361.35pt x 224.84pt>
File: IRpotentials.pdf Graphic file (type pdf)
 <use IRpotentials.pdf>
Package pdftex.def Info: IRpotentials.pdf used on input line 273.
(pdftex.def)             Requested size: 289.0804pt x 179.87224pt.


LaTeX Warning: `h' float specifier changed to `ht'.

[15] [16 <./IRpotentials.pdf>] [17]) [18]
\openout2 = `Chapter/Chapter.aux'.

 (Chapter/Chapter.tex
Chapter 2.
[19



]
Underfull \vbox (badness 10000) has occurred while \output is active []

 [20]
Underfull \vbox (badness 2662) has occurred while \output is active []

 [21]
[22] [23] [24] [25]
Underfull \vbox (badness 1527) has occurred while \output is active []

 [26pdfTeX warning (ext4): destination with the same identifier (name{equation.
2.2.30}) has been already used, duplicate ignored

\AtBegShi@Output ...ipout \box \AtBeginShipoutBox 
                                                  \fi \fi 
l.248 \en
         pdfTeX warning (ext4): destination with the same identifier (name{equa
tion.2.2.30}) has been already used, duplicate ignored

\AtBegShi@Output ...ipout \box \AtBeginShipoutBox 
                                                  \fi \fi 
l.248 \en
         pdfTeX warning (ext4): destination with the same identifier (name{equa
tion.2.2.31}) has been already used, duplicate ignored

\AtBegShi@Output ...ipout \box \AtBeginShipoutBox 
                                                  \fi \fi 
l.248 \en
         pdfTeX warning (ext4): destination with the same identifier (name{equa
tion.2.2.31}) has been already used, duplicate ignored

\AtBegShi@Output ...ipout \box \AtBeginShipoutBox 
                                                  \fi \fi 
l.248 \en
         ]
Underfull \vbox (badness 2865) has occurred while \output is active []

 [27]
[28]

Package hyperref Warning: Token not allowed in a PDF string (PDFDocEncoding):
(hyperref)                removing `math shift' on input line 311.


Package hyperref Warning: Token not allowed in a PDF string (PDFDocEncoding):
(hyperref)                removing `subscript' on input line 311.


Package hyperref Warning: Token not allowed in a PDF string (PDFDocEncoding):
(hyperref)                removing `math shift' on input line 311.


Package hyperref Warning: Token not allowed in a PDF string (PDFDocEncoding):
(hyperref)                removing `math shift' on input line 320.


Package hyperref Warning: Token not allowed in a PDF string (PDFDocEncoding):
(hyperref)                removing `subscript' on input line 320.


Package hyperref Warning: Token not allowed in a PDF string (PDFDocEncoding):
(hyperref)                removing `math shift' on input line 320.

[29]

Package hyperref Warning: Token not allowed in a PDF string (PDFDocEncoding):
(hyperref)                removing `math shift' on input line 346.


Package hyperref Warning: Token not allowed in a PDF string (PDFDocEncoding):
(hyperref)                removing `subscript' on input line 346.


Package hyperref Warning: Token not allowed in a PDF string (PDFDocEncoding):
(hyperref)                removing `math shift' on input line 346.


Underfull \vbox (badness 10000) has occurred while \output is active []

 [30]
[31]
Underfull \vbox (badness 2111) has occurred while \output is active []

 [32pdfTeX warning (ext4): destination with the same identifier (name{equation.
2.2.56}) has been already used, duplicate ignored

\AtBegShi@Output ...ipout \box \AtBeginShipoutBox 
                                                  \fi \fi 
l.419 \end{align}
                 pdfTeX warning (ext4): destination with the same identifier (n
ame{equation.2.2.60}) has been already used, duplicate ignored

\AtBegShi@Output ...ipout \box \AtBeginShipoutBox 
                                                  \fi \fi 
l.419 \end{align}
                 ]

Package hyperref Warning: Token not allowed in a PDF string (PDFDocEncoding):
(hyperref)                removing `math shift' on input line 420.


Package hyperref Warning: Token not allowed in a PDF string (PDFDocEncoding):
(hyperref)                removing `subscript' on input line 420.


Package hyperref Warning: Token not allowed in a PDF string (PDFDocEncoding):
(hyperref)                removing `math shift' on input line 420.


Underfull \vbox (badness 3118) has occurred while \output is active []

 [33]
Underfull \vbox (badness 10000) has occurred while \output is active []

 [34]
Underfull \vbox (badness 10000) has occurred while \output is active []

 [35pdfTeX warning (ext4): destination with the same identifier (name{equation.
2.2.73}) has been already used, duplicate ignored

\AtBegShi@Output ...ipout \box \AtBeginShipoutBox 
                                                  \fi \fi 
l.503    \end{align}
                    ]
Underfull \vbox (badness 10000) has occurred while \output is active []

 [36pdfTeX warning (ext4): destination with the same identifier (name{equation.
2.2.76}) has been already used, duplicate ignored

\AtBegShi@Output ...ipout \box \AtBeginShipoutBox 
                                                  \fi \fi 
l.527 \end{align}
                 pdfTeX warning (ext4): destination with the same identifier (n
ame{equation.2.2.76}) has been already used, duplicate ignored

\AtBegShi@Output ...ipout \box \AtBeginShipoutBox 
                                                  \fi \fi 
l.527 \end{align}
                 pdfTeX warning (ext4): destination with the same identifier (n
ame{equation.2.2.76}) has been already used, duplicate ignored

\AtBegShi@Output ...ipout \box \AtBeginShipoutBox 
                                                  \fi \fi 
l.527 \end{align}
                 pdfTeX warning (ext4): destination with the same identifier (n
ame{equation.2.2.76}) has been already used, duplicate ignored

\AtBegShi@Output ...ipout \box \AtBeginShipoutBox 
                                                  \fi \fi 
l.527 \end{align}
                 ]
Underfull \vbox (badness 10000) has occurred while \output is active []

 [37pdfTeX warning (ext4): destination with the same identifier (name{equation.
2.3.79}) has been already used, duplicate ignored

\AtBegShi@Output ...ipout \box \AtBeginShipoutBox 
                                                  \fi \fi 
l.562    \end{align}
                    pdfTeX warning (ext4): destination with the same identifier
 (name{equation.2.3.79}) has been already used, duplicate ignored

\AtBegShi@Output ...ipout \box \AtBeginShipoutBox 
                                                  \fi \fi 
l.562    \end{align}
                    ] [38]
Underfull \vbox (badness 2285) has occurred while \output is active []

 [39]
[40pdfTeX warning (ext4): destination with the same identifier (name{equation.2
.4.92}) has been already used, duplicate ignored

\AtBegShi@Output ...ipout \box \AtBeginShipoutBox 
                                                  \fi \fi 
l.645  ,\]
          ] [41pdfTeX warning (ext4): destination with the same identifier (nam
e{equation.2.4.92}) has been already used, duplicate ignored

\AtBegShi@Output ...ipout \box \AtBeginShipoutBox 
                                                  \fi \fi 
l.677  \]
         ] [42pdfTeX warning (ext4): destination with the same identifier (name
{equation.2.4.99}) has been already used, duplicate ignored

\AtBegShi@Output ...ipout \box \AtBeginShipoutBox 
                                                  \fi \fi 
l.713 ...uad \delta_{\mu}^{\nu}r_{\nu}^{\mu}=r, \]
                                                  pdfTeX warning (ext4): destin
ation with the same identifier (name{equation.2.4.99}) has been already used, d
uplicate ignored

\AtBegShi@Output ...ipout \box \AtBeginShipoutBox 
                                                  \fi \fi 
l.713 ...uad \delta_{\mu}^{\nu}r_{\nu}^{\mu}=r, \]
                                                  pdfTeX warning (ext4): destin
ation with the same identifier (name{equation.2.4.99}) has been already used, d
uplicate ignored

\AtBegShi@Output ...ipout \box \AtBeginShipoutBox 
                                                  \fi \fi 
l.713 ...uad \delta_{\mu}^{\nu}r_{\nu}^{\mu}=r, \]
                                                  pdfTeX warning (ext4): destin
ation with the same identifier (name{equation.2.4.100}) has been already used, 
duplicate ignored

\AtBegShi@Output ...ipout \box \AtBeginShipoutBox 
                                                  \fi \fi 
l.713 ...uad \delta_{\mu}^{\nu}r_{\nu}^{\mu}=r, \]
                                                  ]
Underfull \vbox (badness 2096) has occurred while \output is active []

 [43]
Underfull \vbox (badness 10000) has occurred while \output is active []

 [44pdfTeX warning (ext4): destination with the same identifier (name{equation.
2.4.107}) has been already used, duplicate ignored

\AtBegShi@Output ...ipout \box \AtBeginShipoutBox 
                                                  \fi \fi 
l.765  \]
         pdfTeX warning (ext4): destination with the same identifier (name{equa
tion.2.4.107}) has been already used, duplicate ignored

\AtBegShi@Output ...ipout \box \AtBeginShipoutBox 
                                                  \fi \fi 
l.765  \]
         pdfTeX warning (ext4): destination with the same identifier (name{equa
tion.2.4.107}) has been already used, duplicate ignored

\AtBegShi@Output ...ipout \box \AtBeginShipoutBox 
                                                  \fi \fi 
l.765  \]
         ] [45]
Chapter 3.
[46

]
Underfull \vbox (badness 7433) has occurred while \output is active []

 [47]
[48] [49]
Underfull \vbox (badness 2165) has occurred while \output is active []

 [50pdfTeX warning (ext4): destination with the same identifier (name{equation.
3.1.11}) has been already used, duplicate ignored

\AtBegShi@Output ...ipout \box \AtBeginShipoutBox 
                                                  \fi \fi 
l.888 \end{align}
                 pdfTeX warning (ext4): destination with the same identifier (n
ame{equation.3.1.11}) has been already used, duplicate ignored

\AtBegShi@Output ...ipout \box \AtBeginShipoutBox 
                                                  \fi \fi 
l.888 \end{align}
                 pdfTeX warning (ext4): destination with the same identifier (n
ame{equation.3.1.11}) has been already used, duplicate ignored

\AtBegShi@Output ...ipout \box \AtBeginShipoutBox 
                                                  \fi \fi 
l.888 \end{align}
                 ] [51]
Underfull \vbox (badness 10000) has occurred while \output is active []

 [52]
[53]
Underfull \vbox (badness 10000) has occurred while \output is active []

 [54]
[55] [56]
Underfull \vbox (badness 1783) has occurred while \output is active []

 [57]
[58] [59] [60] [61] [62]
Underfull \vbox (badness 1132) has occurred while \output is active []

 [63]
Underfull \vbox (badness 2626) has occurred while \output is active []

 [64]
[65] [66]
Chapter 4.
[67

] [68] [69]
Underfull \vbox (badness 1127) has occurred while \output is active []

 [70]
[71] [72] [73] [74] [75] [76] [77] [78]

pdfTeX warning: pdflatex.exe (file ./inout.pdf): PDF inclusion: found PDF versi
on <1.7>, but at most version <1.5> allowed
<inout.pdf, id=1464, 361.35pt x 274.02374pt>
File: inout.pdf Graphic file (type pdf)
 <use inout.pdf>
Package pdftex.def Info: inout.pdf used on input line 1516.
(pdftex.def)             Requested size: 144.53743pt x 109.60754pt.
 [79 <./inout.pdf>] [80] [81] [82]

pdfTeX warning: pdflatex.exe (file ./bigbang.pdf): PDF inclusion: found PDF ver
sion <1.7>, but at most version <1.5> allowed
<bigbang.pdf, id=1539, 722.7pt x 519.9425pt>
File: bigbang.pdf Graphic file (type pdf)
 <use bigbang.pdf>
Package pdftex.def Info: bigbang.pdf used on input line 1597.
(pdftex.def)             Requested size: 289.07487pt x 207.97331pt.
 [83 <./bigbang.pdf>]
Underfull \vbox (badness 5504) has occurred while \output is active []

 [84]
[85] [86] [87] [88] [89]

pdfTeX warning: pdflatex.exe (file ./bounce2.pdf): PDF inclusion: found PDF ver
sion <1.7>, but at most version <1.5> allowed
<bounce2.pdf, id=1650, 651.43375pt x 867.24pt>
File: bounce2.pdf Graphic file (type pdf)
 <use bounce2.pdf>
Package pdftex.def Info: bounce2.pdf used on input line 1738.
(pdftex.def)             Requested size: 195.43163pt x 260.17401pt.


LaTeX Warning: `h' float specifier changed to `ht'.

[90] [91 <./bounce2.pdf>] [92] [93] [94]
Underfull \vbox (badness 2941) has occurred while \output is active []

 [95]
[96]
Missing character: There is no 2 in font eusm7!
 [97] [98] [99]) [100]
\openout2 = `Conclusion/conclusion.aux'.

 (Conclusion/conclusion.tex
Chapter 5.
[101



] [102] [103] [104]) [105] (appendix/appx.tex
Appendix A.

Underfull \vbox (badness 1635) has occurred while \output is active []

 [106


]
[107] [108pdfTeX warning (ext4): destination with the same identifier (name{equ
ation.1.A.3.19}) has been already used, duplicate ignored

\AtBegShi@Output ...ipout \box \AtBeginShipoutBox 
                                                  \fi \fi 
l.136 ,\end{align}
                  pdfTeX warning (ext4): destination with the same identifier (
name{equation.1.A.3.19}) has been already used, duplicate ignored

\AtBegShi@Output ...ipout \box \AtBeginShipoutBox 
                                                  \fi \fi 
l.136 ,\end{align}
                  pdfTeX warning (ext4): destination with the same identifier (
name{equation.1.A.3.20}) has been already used, duplicate ignored

\AtBegShi@Output ...ipout \box \AtBeginShipoutBox 
                                                  \fi \fi 
l.136 ,\end{align}
                  pdfTeX warning (ext4): destination with the same identifier (
name{equation.1.A.3.21}) has been already used, duplicate ignored

\AtBegShi@Output ...ipout \box \AtBeginShipoutBox 
                                                  \fi \fi 
l.136 ,\end{align}
                  ]

Package hyperref Warning: Token not allowed in a PDF string (PDFDocEncoding):
(hyperref)                removing `math shift' on input line 171.


Package hyperref Warning: Token not allowed in a PDF string (PDFDocEncoding):
(hyperref)                removing `\delta' on input line 171.


Package hyperref Warning: Token not allowed in a PDF string (PDFDocEncoding):
(hyperref)                removing `\Box' on input line 171.


Package hyperref Warning: Token not allowed in a PDF string (PDFDocEncoding):
(hyperref)                removing `math shift' on input line 171.


Underfull \vbox (badness 2310) has occurred while \output is active []

 [109pdfTeX warning (ext4): destination with the same identifier (name{equation
.1.A.3.24}) has been already used, duplicate ignored

\AtBegShi@Output ...ipout \box \AtBeginShipoutBox 
                                                  \fi \fi 
l.190 \]
        pdfTeX warning (ext4): destination with the same identifier (name{equat
ion.1.A.3.24}) has been already used, duplicate ignored

\AtBegShi@Output ...ipout \box \AtBeginShipoutBox 
                                                  \fi \fi 
l.190 \]
        pdfTeX warning (ext4): destination with the same identifier (name{equat
ion.1.A.3.24}) has been already used, duplicate ignored

\AtBegShi@Output ...ipout \box \AtBeginShipoutBox 
                                                  \fi \fi 
l.190 \]
        ]

Package hyperref Warning: Token not allowed in a PDF string (PDFDocEncoding):
(hyperref)                removing `math shift' on input line 207.


Package hyperref Warning: Token not allowed in a PDF string (PDFDocEncoding):
(hyperref)                removing `\delta' on input line 207.


Package hyperref Warning: Token not allowed in a PDF string (PDFDocEncoding):
(hyperref)                removing `\Box' on input line 207.


Package hyperref Warning: Token not allowed in a PDF string (PDFDocEncoding):
(hyperref)                removing `subscript' on input line 207.


Package hyperref Warning: Token not allowed in a PDF string (PDFDocEncoding):
(hyperref)                removing `\mu' on input line 207.


Package hyperref Warning: Token not allowed in a PDF string (PDFDocEncoding):
(hyperref)                removing `\nu' on input line 207.


Package hyperref Warning: Token not allowed in a PDF string (PDFDocEncoding):
(hyperref)                removing `math shift' on input line 207.


Underfull \vbox (badness 10000) has occurred while \output is active []

 [110pdfTeX warning (ext4): destination with the same identifier (name{equation
.1.A.3.31}) has been already used, duplicate ignored

\AtBegShi@Output ...ipout \box \AtBeginShipoutBox 
                                                  \fi \fi 
l.258 \end{align}
                 ]

Package hyperref Warning: Token not allowed in a PDF string (PDFDocEncoding):
(hyperref)                removing `math shift' on input line 259.


Package hyperref Warning: Token not allowed in a PDF string (PDFDocEncoding):
(hyperref)                removing `\delta' on input line 259.


Package hyperref Warning: Token not allowed in a PDF string (PDFDocEncoding):
(hyperref)                removing `\Box' on input line 259.


Package hyperref Warning: Token not allowed in a PDF string (PDFDocEncoding):
(hyperref)                removing `subscript' on input line 259.


Package hyperref Warning: Token not allowed in a PDF string (PDFDocEncoding):
(hyperref)                removing `\mu' on input line 259.


Package hyperref Warning: Token not allowed in a PDF string (PDFDocEncoding):
(hyperref)                removing `\nu' on input line 259.


Package hyperref Warning: Token not allowed in a PDF string (PDFDocEncoding):
(hyperref)                removing `\lambda' on input line 259.


Package hyperref Warning: Token not allowed in a PDF string (PDFDocEncoding):
(hyperref)                removing `\sigma' on input line 259.


Package hyperref Warning: Token not allowed in a PDF string (PDFDocEncoding):
(hyperref)                removing `math shift' on input line 259.

[111] [112]
Appendix B.

Underfull \vbox (badness 6625) has occurred while \output is active []

 [113

]
[114] [115] [116]
Appendix C.
[117

] [118] [119] [120]
Appendix D.
[121

] [122]) [123] (thesis.bbl [124


] [125] [126] [127]
Missing character: There is no Ã in font cmr12!
Missing character: There is no © in font cmr12!
 [128]
Missing character: There is no Ã in font cmr12!
Missing character: There is no © in font cmr12!
 [129]
Missing character: There is no â in font cmr12!
Missing character: There is no € in font cmr12!
Missing character: There is no “ in font cmr12!
 [130]
Missing character: There is no Ã in font cmr12!
Missing character: There is no © in font cmr12!
Missing character: There is no Ã in font cmr12!
Missing character: There is no © in font cmr12!
Missing character: There is no Ã in font cmr12!
Missing character: There is no © in font cmr12!
Missing character: There is no Ã in font cmr12!
Missing character: There is no ¨ in font cmr12!
Missing character: There is no Ã in font cmr12!
Missing character: There is no © in font cmr12!
Missing character: There is no Ã in font cmr12!
Missing character: There is no ¨ in font cmr12!

[131] [132] [133])
Package atveryend Info: Empty hook `BeforeClearDocument' on input line 172.
 [134]
Package atveryend Info: Empty hook `AfterLastShipout' on input line 172.
 (thesis.aux (preface/abstract.aux)
(preface/dedication.aux) (preface/acknowledgements.aux)
(preface/declaration.aux) (preface/quote.aux) (preface/pubs.aux)
(Introduction/introduction.aux) (Chapter/Chapter.aux)
(Conclusion/conclusion.aux))
Package atveryend Info: Executing hook `AtVeryEndDocument' on input line 172.
Package atveryend Info: Executing hook `AtEndAfterFileList' on input line 172.
Package rerunfilecheck Info: File `thesis.out' has not changed.
(rerunfilecheck)             Checksum: 41BB6294CFF4670A6F96565628A90643;3974.


LaTeX Warning: There were multiply-defined labels.

Package atveryend Info: Empty hook `AtVeryVeryEnd' on input line 172.
 ) 
Here is how much of TeX's memory you used:
 10514 strings out of 493334
 157042 string characters out of 3136660
 263622 words of memory out of 3000000
 13050 multiletter control sequences out of 15000+200000
 19197 words of font info for 74 fonts, out of 3000000 for 9000
 1141 hyphenation exceptions out of 8191
 49i,12n,50p,1677b,913s stack positions out of 5000i,500n,10000p,200000b,50000s
pdfTeX warning (dest): name{Hfootnote.14} has been referenced but does not ex
ist, replaced by a fixed one

pdfTeX warning (dest): name{Hfootnote.13} has been referenced but does not exis
t, replaced by a fixed one

pdfTeX warning (dest): name{Hfootnote.12} has been referenced but does not exis
t, replaced by a fixed one

pdfTeX warning (dest): name{Hfootnote.11} has been referenced but does not exis
t, replaced by a fixed one

pdfTeX warning (dest): name{Hfootnote.10} has been referenced but does not exis
t, replaced by a fixed one

pdfTeX warning (dest): name{Hfootnote.9} has been referenced but does not exist
, replaced by a fixed one

pdfTeX warning (dest): name{Hfootnote.8} has been referenced but does not exist
, replaced by a fixed one

pdfTeX warning (dest): name{Hfootnote.7} has been referenced but does not exist
, replaced by a fixed one

pdfTeX warning (dest): name{Hfootnote.6} has been referenced but does not exist
, replaced by a fixed one

pdfTeX warning (dest): name{Hfootnote.5} has been referenced but does not exist
, replaced by a fixed one

pdfTeX warning (dest): name{Hfootnote.4} has been referenced but does not exist
, replaced by a fixed one

pdfTeX warning (dest): name{Hfootnote.3} has been referenced but does not exist
, replaced by a fixed one

pdfTeX warning (dest): name{Hfootnote.2} has been referenced but does not exist
, replaced by a fixed one

pdfTeX warning (dest): name{Hfootnote.1} has been referenced but does not exist
, replaced by a fixed one

<C:/Program Files (x86)/MiKTeX 2.9/fonts/type1/public/amsfonts/cm/cmbx10.pfb><C
:/Program Files (x86)/MiKTeX 2.9/fonts/type1/public/amsfonts/cm/cmbx12.pfb><C:/
Program Files (x86)/MiKTeX 2.9/fonts/type1/public/amsfonts/cm/cmex10.pfb><C:/Pr
ogram Files (x86)/MiKTeX 2.9/fonts/type1/public/amsfonts/cm/cmmi10.pfb><C:/Prog
ram Files (x86)/MiKTeX 2.9/fonts/type1/public/amsfonts/cm/cmmi12.pfb><C:/Progra
m Files (x86)/MiKTeX 2.9/fonts/type1/public/amsfonts/cm/cmmi6.pfb><C:/Program F
iles (x86)/MiKTeX 2.9/fonts/type1/public/amsfonts/cm/cmmi7.pfb><C:/Program File
s (x86)/MiKTeX 2.9/fonts/type1/public/amsfonts/cm/cmmi8.pfb><C:/Program Files (
x86)/MiKTeX 2.9/fonts/type1/public/amsfonts/cm/cmr10.pfb><C:/Program Files (x86
)/MiKTeX 2.9/fonts/type1/public/amsfonts/cm/cmr12.pfb><C:/Program Files (x86)/M
iKTeX 2.9/fonts/type1/public/amsfonts/cm/cmr17.pfb><C:/Program Files (x86)/MiKT
eX 2.9/fonts/type1/public/amsfonts/cm/cmr6.pfb><C:/Program Files (x86)/MiKTeX 2
.9/fonts/type1/public/amsfonts/cm/cmr7.pfb><C:/Program Files (x86)/MiKTeX 2.9/f
onts/type1/public/amsfonts/cm/cmr8.pfb><C:/Program Files (x86)/MiKTeX 2.9/fonts
/type1/public/amsfonts/cm/cmsy10.pfb><C:/Program Files (x86)/MiKTeX 2.9/fonts/t
ype1/public/amsfonts/cm/cmsy7.pfb><C:/Program Files (x86)/MiKTeX 2.9/fonts/type
1/public/amsfonts/cm/cmsy8.pfb><C:/Program Files (x86)/MiKTeX 2.9/fonts/type1/p
ublic/amsfonts/cm/cmti10.pfb><C:/Program Files (x86)/MiKTeX 2.9/fonts/type1/pub
lic/amsfonts/cm/cmti12.pfb><C:/Program Files (x86)/MiKTeX 2.9/fonts/type1/publi
c/amsfonts/cm/cmti8.pfb><C:/Program Files (x86)/MiKTeX 2.9/fonts/type1/public/a
msfonts/euler/eusm10.pfb><C:/Program Files (x86)/MiKTeX 2.9/fonts/type1/public/
amsfonts/symbols/msam10.pfb><C:/Program Files (x86)/MiKTeX 2.9/fonts/type1/publ
ic/amsfonts/symbols/msam7.pfb><C:/Program Files (x86)/MiKTeX 2.9/fonts/type1/pu
blic/amsfonts/symbols/msbm10.pfb>
Output written on thesis.pdf (146 pages, 4389984 bytes).
PDF statistics:
 2363 PDF objects out of 2487 (max. 8388607)
 751 named destinations out of 1000 (max. 500000)
 439 words of extra memory for PDF output out of 10000 (max. 10000000)

