This is pdfTeX, Version 3.14159265-2.6-1.40.21 (TeX Live 2020/W32TeX) (preloaded format=pdflatex 2020.9.16)  11 DEC 2023 17:54
entering extended mode
 restricted \write18 enabled.
 %&-line parsing enabled.
**thesis.tex
(./thesis.tex
LaTeX2e <2020-02-02> patch level 5
L3 programming layer <2020-09-06> (./Latex/PhDthesisPSnPDF.cls
Document Class: Latex/PhDthesisPSnPDF 2007/09/06 v2 PhD thesis class
(c:/texlive/2020/texmf-dist/tex/latex/base/book.cls
Document Class: book 2019/12/20 v1.4l Standard LaTeX document class
(c:/texlive/2020/texmf-dist/tex/latex/base/bk12.clo
File: bk12.clo 2019/12/20 v1.4l Standard LaTeX file (size option)
)
\c@part=\count168
\c@chapter=\count169
\c@section=\count170
\c@subsection=\count171
\c@subsubsection=\count172
\c@paragraph=\count173
\c@subparagraph=\count174
\c@figure=\count175
\c@table=\count176
\abovecaptionskip=\skip47
\belowcaptionskip=\skip48
\bibindent=\dimen134
)
(c:/texlive/2020/texmf-dist/tex/latex/amsfonts/amssymb.sty
Package: amssymb 2013/01/14 v3.01 AMS font symbols

(c:/texlive/2020/texmf-dist/tex/latex/amsfonts/amsfonts.sty
Package: amsfonts 2013/01/14 v3.01 Basic AMSFonts support
\@emptytoks=\toks15
\symAMSa=\mathgroup4
\symAMSb=\mathgroup5
LaTeX Font Info:    Redeclaring math symbol \hbar on input line 98.
LaTeX Font Info:    Overwriting math alphabet `\mathfrak' in version `bold'
(Font)                  U/euf/m/n --> U/euf/b/n on input line 106.
))
(c:/texlive/2020/texmf-dist/tex/latex/graphics/graphics.sty
Package: graphics 2019/11/30 v1.4a Standard LaTeX Graphics (DPC,SPQR)

(c:/texlive/2020/texmf-dist/tex/latex/graphics/trig.sty
Package: trig 2016/01/03 v1.10 sin cos tan (DPC)
)
(c:/texlive/2020/texmf-dist/tex/latex/graphics-cfg/graphics.cfg
File: graphics.cfg 2016/06/04 v1.11 sample graphics configuration
)
Package graphics Info: Driver file: pdftex.def on input line 105.

(c:/texlive/2020/texmf-dist/tex/latex/graphics-def/pdftex.def
File: pdftex.def 2020/08/26 v1.2 Graphics/color driver for pdftex
))
(c:/texlive/2020/texmf-dist/tex/latex/epstopdf-pkg/epstopdf.sty
Package: epstopdf 2020-01-24 v2.11 Conversion with epstopdf on the fly (HO)

(c:/texlive/2020/texmf-dist/tex/generic/infwarerr/infwarerr.sty
Package: infwarerr 2019/12/03 v1.5 Providing info/warning/error messages (HO)
)
(c:/texlive/2020/texmf-dist/tex/latex/grfext/grfext.sty
Package: grfext 2019/12/03 v1.3 Manage graphics extensions (HO)

(c:/texlive/2020/texmf-dist/tex/generic/kvdefinekeys/kvdefinekeys.sty
Package: kvdefinekeys 2019-12-19 v1.6 Define keys (HO)
))
(c:/texlive/2020/texmf-dist/tex/latex/kvoptions/kvoptions.sty
Package: kvoptions 2019/11/29 v3.13 Key value format for package options (HO)

(c:/texlive/2020/texmf-dist/tex/latex/graphics/keyval.sty
Package: keyval 2014/10/28 v1.15 key=value parser (DPC)
\KV@toks@=\toks16
)
(c:/texlive/2020/texmf-dist/tex/generic/ltxcmds/ltxcmds.sty
Package: ltxcmds 2019/12/15 v1.24 LaTeX kernel commands for general use (HO)
)
(c:/texlive/2020/texmf-dist/tex/generic/kvsetkeys/kvsetkeys.sty
Package: kvsetkeys 2019/12/15 v1.18 Key value parser (HO)
))
(c:/texlive/2020/texmf-dist/tex/generic/pdftexcmds/pdftexcmds.sty
Package: pdftexcmds 2020-06-27 v0.33 Utility functions of pdfTeX for LuaTeX (HO
)

(c:/texlive/2020/texmf-dist/tex/generic/iftex/iftex.sty
Package: iftex 2020/03/06 v1.0d TeX engine tests
)
Package pdftexcmds Info: \pdf@primitive is available.
Package pdftexcmds Info: \pdf@ifprimitive is available.
Package pdftexcmds Info: \pdfdraftmode found.
)
(c:/texlive/2020/texmf-dist/tex/latex/epstopdf-pkg/epstopdf-base.sty
Package: epstopdf-base 2020-01-24 v2.11 Base part for package epstopdf
Package epstopdf-base Info: Redefining graphics rule for `.eps' on input line 4
85.
Package grfext Info: Graphics extension search list:
(grfext)             [.pdf,.png,.jpg,.mps,.jpeg,.jbig2,.jb2,.PDF,.PNG,.JPG,.JPE
G,.JBIG2,.JB2,.eps]
(grfext)             \AppendGraphicsExtensions on input line 504.

(c:/texlive/2020/texmf-dist/tex/latex/latexconfig/epstopdf-sys.cfg
File: epstopdf-sys.cfg 2010/07/13 v1.3 Configuration of (r)epstopdf for TeX Liv
e
)))
(c:/texlive/2020/texmf-dist/tex/latex/caption/caption.sty
Package: caption 2020/09/02 v3.5a Customizing captions (AR)

(c:/texlive/2020/texmf-dist/tex/latex/caption/caption3.sty
Package: caption3 2020/09/11 v2.0b caption3 kernel (AR)
\captionmargin=\dimen135
\captionmargin@=\dimen136
\captionwidth=\dimen137
\caption@tempdima=\dimen138
\caption@indent=\dimen139
\caption@parindent=\dimen140
\caption@hangindent=\dimen141
Package caption Info: Standard document class detected.
)
\c@caption@flags=\count177
\c@continuedfloat=\count178
)
(c:/texlive/2020/texmf-dist/tex/latex/fancyhdr/fancyhdr.sty
Package: fancyhdr 2019/01/31 v3.10 Extensive control of page headers and footer
s
\f@nch@headwidth=\skip49
\f@nch@O@elh=\skip50
\f@nch@O@erh=\skip51
\f@nch@O@olh=\skip52
\f@nch@O@orh=\skip53
\f@nch@O@elf=\skip54
\f@nch@O@erf=\skip55
\f@nch@O@olf=\skip56
\f@nch@O@orf=\skip57
)
(c:/texlive/2020/texmf-dist/tex/latex/amsfonts/eucal.sty
Package: eucal 2009/06/22 v3.00 Euler Script fonts
LaTeX Font Info:    Overwriting math alphabet `\EuScript' in version `bold'
(Font)                  U/eus/m/n --> U/eus/b/n on input line 33.
)
(c:/texlive/2020/texmf-dist/tex/generic/babel/babel.sty
Package: babel 2020/09/01 3.48 The Babel package

(c:/texlive/2020/texmf-dist/tex/generic/babel/babel.def
File: babel.def 2020/09/01 3.48 Babel common definitions
\babel@savecnt=\count179
\U@D=\dimen142
\l@babelnohyphens=\language86

(c:/texlive/2020/texmf-dist/tex/generic/babel/txtbabel.def)
\bbl@readstream=\read2
)
\bbl@dirlevel=\count180

(c:/texlive/2020/texmf-dist/tex/generic/babel-english/english.ldf
Language: english 2017/06/06 v3.3r English support from the babel system
Package babel Info: \l@canadian = using hyphenrules for english
(babel)             (\language0) on input line 102.
Package babel Info: \l@australian = using hyphenrules for ukenglish
(babel)             (\language21) on input line 105.
Package babel Info: \l@newzealand = using hyphenrules for ukenglish
(babel)             (\language21) on input line 108.
))
(c:/texlive/2020/texmf-dist/tex/latex/graphics/color.sty
Package: color 2019/11/23 v1.2a Standard LaTeX Color (DPC)

(c:/texlive/2020/texmf-dist/tex/latex/graphics-cfg/color.cfg
File: color.cfg 2016/01/02 v1.6 sample color configuration
)
Package color Info: Driver file: pdftex.def on input line 147.

(c:/texlive/2020/texmf-dist/tex/latex/graphics/dvipsnam.def
File: dvipsnam.def 2016/06/17 v3.0m Driver-dependent file (DPC,SPQR)
))
(c:/texlive/2020/texmf-dist/tex/latex/footmisc/footmisc.sty
Package: footmisc 2011/06/06 v5.5b a miscellany of footnote facilities
\FN@temptoken=\toks17
\footnotemargin=\dimen143
\c@pp@next@reset=\count181
\c@@fnserial=\count182
Package footmisc Info: Declaring symbol style bringhurst on input line 855.
Package footmisc Info: Declaring symbol style chicago on input line 863.
Package footmisc Info: Declaring symbol style wiley on input line 872.
Package footmisc Info: Declaring symbol style lamport-robust on input line 883.

Package footmisc Info: Declaring symbol style lamport* on input line 903.
Package footmisc Info: Declaring symbol style lamport*-robust on input line 924
.
)
(c:/texlive/2020/texmf-dist/tex/latex/natbib/natbib.sty
Package: natbib 2010/09/13 8.31b (PWD, AO)
\bibhang=\skip58
\bibsep=\skip59
LaTeX Info: Redefining \cite on input line 694.
\c@NAT@ctr=\count183
)
(c:/texlive/2020/texmf-dist/tex/latex/base/ifthen.sty
Package: ifthen 2014/09/29 v1.1c Standard LaTeX ifthen package (DPC)
)
(c:/texlive/2020/texmf-dist/tex/latex/tools/multicol.sty
Package: multicol 2019/12/09 v1.8y multicolumn formatting (FMi)
\c@tracingmulticols=\count184
\mult@box=\box45
\multicol@leftmargin=\dimen144
\c@unbalance=\count185
\c@collectmore=\count186
\doublecol@number=\count187
\multicoltolerance=\count188
\multicolpretolerance=\count189
\full@width=\dimen145
\page@free=\dimen146
\premulticols=\dimen147
\postmulticols=\dimen148
\multicolsep=\skip60
\multicolbaselineskip=\skip61
\partial@page=\box46
\last@line=\box47
\maxbalancingoverflow=\dimen149
\mult@rightbox=\box48
\mult@grightbox=\box49
\mult@gfirstbox=\box50
\mult@firstbox=\box51
\@tempa=\box52
\@tempa=\box53
\@tempa=\box54
\@tempa=\box55
\@tempa=\box56
\@tempa=\box57
\@tempa=\box58
\@tempa=\box59
\@tempa=\box60
\@tempa=\box61
\@tempa=\box62
\@tempa=\box63
\@tempa=\box64
\@tempa=\box65
\@tempa=\box66
\@tempa=\box67
\@tempa=\box68
\@tempa=\box69
\@tempa=\box70
\@tempa=\box71
\@tempa=\box72
\@tempa=\box73
\@tempa=\box74
\@tempa=\box75
\@tempa=\box76
\@tempa=\box77
\@tempa=\box78
\@tempa=\box79
\@tempa=\box80
\@tempa=\box81
\@tempa=\box82
\@tempa=\box83
\@tempa=\box84
\@tempa=\box85
\@tempa=\box86
\@tempa=\box87
\@tempa=\box88
\c@minrows=\count190
\c@columnbadness=\count191
\c@finalcolumnbadness=\count192
\last@try=\dimen150
\multicolovershoot=\dimen151
\multicolundershoot=\dimen152
\mult@nat@firstbox=\box89
\colbreak@box=\box90
\mc@col@check@num=\count193
)
(c:/texlive/2020/texmf-dist/tex/latex/tocbibind/tocbibind.sty
Package: tocbibind 2010/10/13 v1.5k extra ToC listings
Package tocbibind Info: The document has chapter divisions on input line 50.


Package tocbibind Note: Using chapter style headings, unless overridden.

) (c:/texlive/2020/texmf-dist/tex/latex/float/float.sty
Package: float 2001/11/08 v1.3d Float enhancements (AL)
\c@float@type=\count194
\float@exts=\toks18
\float@box=\box91
\@float@everytoks=\toks19
\@floatcapt=\box92
)
(c:/texlive/2020/texmf-dist/tex/latex/subfig/subfig.sty
Package: subfig 2005/06/28 ver: 1.3 subfig package
\c@KVtest=\count195
\sf@farskip=\skip62
\sf@captopadj=\dimen153
\sf@capskip=\skip63
\sf@nearskip=\skip64
\c@subfigure=\count196
\c@subfigure@save=\count197
\c@lofdepth=\count198
\c@subtable=\count199
\c@subtable@save=\count266
\c@lotdepth=\count267
\sf@top=\skip65
\sf@bottom=\skip66
)
(c:/texlive/2020/texmf-dist/tex/latex/amsmath/amsmath.sty
Package: amsmath 2020/01/20 v2.17e AMS math features
\@mathmargin=\skip67

For additional information on amsmath, use the `?' option.
(c:/texlive/2020/texmf-dist/tex/latex/amsmath/amstext.sty
Package: amstext 2000/06/29 v2.01 AMS text

(c:/texlive/2020/texmf-dist/tex/latex/amsmath/amsgen.sty
File: amsgen.sty 1999/11/30 v2.0 generic functions
\@emptytoks=\toks20
\ex@=\dimen154
))
(c:/texlive/2020/texmf-dist/tex/latex/amsmath/amsbsy.sty
Package: amsbsy 1999/11/29 v1.2d Bold Symbols
\pmbraise@=\dimen155
)
(c:/texlive/2020/texmf-dist/tex/latex/amsmath/amsopn.sty
Package: amsopn 2016/03/08 v2.02 operator names
)
\inf@bad=\count268
LaTeX Info: Redefining \frac on input line 227.
\uproot@=\count269
\leftroot@=\count270
LaTeX Info: Redefining \overline on input line 389.
\classnum@=\count271
\DOTSCASE@=\count272
LaTeX Info: Redefining \ldots on input line 486.
LaTeX Info: Redefining \dots on input line 489.
LaTeX Info: Redefining \cdots on input line 610.
\Mathstrutbox@=\box93
\strutbox@=\box94
\big@size=\dimen156
LaTeX Font Info:    Redeclaring font encoding OML on input line 733.
LaTeX Font Info:    Redeclaring font encoding OMS on input line 734.
\macc@depth=\count273
\c@MaxMatrixCols=\count274
\dotsspace@=\muskip16
\c@parentequation=\count275
\dspbrk@lvl=\count276
\tag@help=\toks21
\row@=\count277
\column@=\count278
\maxfields@=\count279
\andhelp@=\toks22
\eqnshift@=\dimen157
\alignsep@=\dimen158
\tagshift@=\dimen159
\tagwidth@=\dimen160
\totwidth@=\dimen161
\lineht@=\dimen162
\@envbody=\toks23
\multlinegap=\skip68
\multlinetaggap=\skip69
\mathdisplay@stack=\toks24
LaTeX Info: Redefining \[ on input line 2859.
LaTeX Info: Redefining \] on input line 2860.
)
(c:/texlive/2020/texmf-dist/tex/generic/iftex/ifpdf.sty
Package: ifpdf 2019/10/25 v3.4 ifpdf legacy package. Use iftex instead.
)
(c:/texlive/2020/texmf-dist/tex/latex/hyperref/hyperref.sty
Package: hyperref 2020-05-15 v7.00e Hypertext links for LaTeX

(c:/texlive/2020/texmf-dist/tex/generic/pdfescape/pdfescape.sty
Package: pdfescape 2019/12/09 v1.15 Implements pdfTeX's escape features (HO)
)
(c:/texlive/2020/texmf-dist/tex/latex/hycolor/hycolor.sty
Package: hycolor 2020-01-27 v1.10 Color options for hyperref/bookmark (HO)
)
(c:/texlive/2020/texmf-dist/tex/latex/letltxmacro/letltxmacro.sty
Package: letltxmacro 2019/12/03 v1.6 Let assignment for LaTeX macros (HO)
)
(c:/texlive/2020/texmf-dist/tex/latex/auxhook/auxhook.sty
Package: auxhook 2019-12-17 v1.6 Hooks for auxiliary files (HO)
)
\@linkdim=\dimen163
\Hy@linkcounter=\count280
\Hy@pagecounter=\count281

(c:/texlive/2020/texmf-dist/tex/latex/hyperref/pd1enc.def
File: pd1enc.def 2020-05-15 v7.00e Hyperref: PDFDocEncoding definition (HO)
Now handling font encoding PD1 ...
... no UTF-8 mapping file for font encoding PD1
)
(c:/texlive/2020/texmf-dist/tex/generic/intcalc/intcalc.sty
Package: intcalc 2019/12/15 v1.3 Expandable calculations with integers (HO)
)
(c:/texlive/2020/texmf-dist/tex/generic/etexcmds/etexcmds.sty
Package: etexcmds 2019/12/15 v1.7 Avoid name clashes with e-TeX commands (HO)
)
\Hy@SavedSpaceFactor=\count282
Package hyperref Info: Option `plainpages' set `false' on input line 4338.
Package hyperref Info: Option `pdfpagelabels' set `true' on input line 4338.


Package hyperref Warning: Values of option `pdfpagelayout':
(hyperref)                * `SinglePage'
(hyperref)                * `OneColumn'
(hyperref)                * `TwoColumnLeft'
(hyperref)                * `TwoColumnRight'
(hyperref)                * `TwoPageLeft' (PDF 1.5)
(hyperref)                * `TwoPageRight' (PDF 1.5)
(hyperref)                * An empty value disables the option.
(hyperref)                Unknown value `useoutlines' on input line 4338.

Package hyperref Info: Option `bookmarks' set `true' on input line 4338.
Package hyperref Info: Option `bookmarksopen' set `true' on input line 4338.
Package hyperref Info: Option `bookmarksnumbered' set `true' on input line 4338
.
Package hyperref Info: Option `breaklinks' set `true' on input line 4338.
Package hyperref Info: Option `linktocpage' set `true' on input line 4338.
Package hyperref Info: Option `colorlinks' set `false' on input line 4338.
Package hyperref Info: Option `hyperindex' set `true' on input line 4338.
Package hyperref Info: Option `hyperfigures' set `true' on input line 4338.
Package hyperref Info: Hyper figures ON on input line 4462.
Package hyperref Info: Link nesting OFF on input line 4469.
Package hyperref Info: Hyper index ON on input line 4472.
Package hyperref Info: Plain pages OFF on input line 4479.
Package hyperref Info: Backreferencing OFF on input line 4484.
Package hyperref Info: Implicit mode ON; LaTeX internals redefined.
Package hyperref Info: Bookmarks ON on input line 4717.
\c@Hy@tempcnt=\count283
(c:/texlive/2020/texmf-dist/tex/latex/url/url.sty
\Urlmuskip=\muskip17
Package: url 2013/09/16  ver 3.4  Verb mode for urls, etc.
)
LaTeX Info: Redefining \url on input line 5076.
\XeTeXLinkMargin=\dimen164

(c:/texlive/2020/texmf-dist/tex/generic/bitset/bitset.sty
Package: bitset 2019/12/09 v1.3 Handle bit-vector datatype (HO)

(c:/texlive/2020/texmf-dist/tex/generic/bigintcalc/bigintcalc.sty
Package: bigintcalc 2019/12/15 v1.5 Expandable calculations on big integers (HO
)
))
\Fld@menulength=\count284
\Field@Width=\dimen165
\Fld@charsize=\dimen166
Package hyperref Info: Hyper figures ON on input line 6345.
Package hyperref Info: Link nesting OFF on input line 6352.
Package hyperref Info: Hyper index ON on input line 6355.
Package hyperref Info: backreferencing OFF on input line 6362.
Package hyperref Info: Link coloring OFF on input line 6367.
Package hyperref Info: Link coloring with OCG OFF on input line 6372.
Package hyperref Info: PDF/A mode OFF on input line 6377.
LaTeX Info: Redefining \ref on input line 6417.
LaTeX Info: Redefining \pageref on input line 6421.

(c:/texlive/2020/texmf-dist/tex/generic/atbegshi/atbegshi.sty
Package: atbegshi 2019/12/05 v1.19 At begin shipout hook (HO)
)
\Hy@abspage=\count285
\c@Item=\count286
\c@Hfootnote=\count287
)
Package hyperref Info: Driver: hpdftex.

(c:/texlive/2020/texmf-dist/tex/latex/hyperref/hpdftex.def
File: hpdftex.def 2020-05-15 v7.00e Hyperref driver for pdfTeX

(c:/texlive/2020/texmf-dist/tex/latex/atveryend/atveryend.sty
Package: atveryend 2019-12-11 v1.11 Hooks at the very end of document (HO)
Package atveryend Info: \enddocument detected (standard20110627).
)
\Fld@listcount=\count288
\c@bookmark@seq@number=\count289

(c:/texlive/2020/texmf-dist/tex/latex/rerunfilecheck/rerunfilecheck.sty
Package: rerunfilecheck 2019/12/05 v1.9 Rerun checks for auxiliary files (HO)

(c:/texlive/2020/texmf-dist/tex/generic/uniquecounter/uniquecounter.sty
Package: uniquecounter 2019/12/15 v1.4 Provide unlimited unique counter (HO)
)
Package uniquecounter Info: New unique counter `rerunfilecheck' on input line 2
86.
)
\Hy@SectionHShift=\skip70
)
(c:/texlive/2020/texmf-dist/tex/latex/graphics/graphicx.sty
Package: graphicx 2019/11/30 v1.2a Enhanced LaTeX Graphics (DPC,SPQR)
\Gin@req@height=\dimen167
\Gin@req@width=\dimen168
)
(c:/texlive/2020/texmf-dist/tex/latex/graphics/rotating.sty
Package: rotating 2016/08/11 v2.16d rotated objects in LaTeX
\c@r@tfl@t=\count290
\rotFPtop=\skip71
\rotFPbot=\skip72
\rot@float@box=\box95
\rot@mess@toks=\toks25
)
(c:/texlive/2020/texmf-dist/tex/latex/appendix/appendix.sty
Package: appendix 2020/02/08 v1.2c extra appendix facilities
\c@@pps=\count291
\c@@ppsavesec=\count292
\c@@ppsaveapp=\count293
)
(c:/texlive/2020/texmf-dist/tex/latex/setspace/setspace.sty
Package: setspace 2011/12/19 v6.7a set line spacing
))
(c:/texlive/2020/texmf-dist/tex/latex/amscls/amsthm.sty
Package: amsthm 2020/05/29 v2.20.6
\thm@style=\toks26
\thm@bodyfont=\toks27
\thm@headfont=\toks28
\thm@notefont=\toks29
\thm@headpunct=\toks30
\thm@preskip=\skip73
\thm@postskip=\skip74
\thm@headsep=\skip75
\dth@everypar=\toks31
)
(c:/texlive/2020/texmf-dist/tex/latex/tools/enumerate.sty
Package: enumerate 2015/07/23 v3.00 enumerate extensions (DPC)
\@enLab=\toks32
)
(c:/texlive/2020/texmf-dist/tex/latex/l3backend/l3backend-pdftex.def
File: l3backend-pdftex.def 2020-09-11 L3 backend support: PDF output (pdfTeX)
\l__kernel_color_stack_int=\count294
\l__pdf_internal_box=\box96
)
(./thesis.aux (./preface/abstract.aux) (./preface/dedication.aux)
(./preface/acknowledgements.aux) (./preface/declaration.aux)
(./preface/quote.aux) (./preface/pubs.aux) (./Introduction/introduction.aux)
(./Chapter1/Chapter.aux) (./Chapter2/Chapter.aux

LaTeX Warning: Label `data' multiply defined.


LaTeX Warning: Label `conclusion' multiply defined.

) (./Chapter3/Chapter.aux

LaTeX Warning: Label `fig:arp240_corner_plot' multiply defined.

) (./Conclusion/conclusion.aux))
\openout1 = `thesis.aux'.

LaTeX Font Info:    Checking defaults for OML/cmm/m/it on input line 41.
LaTeX Font Info:    ... okay on input line 41.
LaTeX Font Info:    Checking defaults for OMS/cmsy/m/n on input line 41.
LaTeX Font Info:    ... okay on input line 41.
LaTeX Font Info:    Checking defaults for OT1/cmr/m/n on input line 41.
LaTeX Font Info:    ... okay on input line 41.
LaTeX Font Info:    Checking defaults for T1/cmr/m/n on input line 41.
LaTeX Font Info:    ... okay on input line 41.
LaTeX Font Info:    Checking defaults for TS1/cmr/m/n on input line 41.
LaTeX Font Info:    ... okay on input line 41.
LaTeX Font Info:    Checking defaults for OMX/cmex/m/n on input line 41.
LaTeX Font Info:    ... okay on input line 41.
LaTeX Font Info:    Checking defaults for U/cmr/m/n on input line 41.
LaTeX Font Info:    ... okay on input line 41.
LaTeX Font Info:    Checking defaults for PD1/pdf/m/n on input line 41.
LaTeX Font Info:    ... okay on input line 41.

(c:/texlive/2020/texmf-dist/tex/context/base/mkii/supp-pdf.mkii
[Loading MPS to PDF converter (version 2006.09.02).]
\scratchcounter=\count295
\scratchdimen=\dimen169
\scratchbox=\box97
\nofMPsegments=\count296
\nofMParguments=\count297
\everyMPshowfont=\toks33
\MPscratchCnt=\count298
\MPscratchDim=\dimen170
\MPnumerator=\count299
\makeMPintoPDFobject=\count300
\everyMPtoPDFconversion=\toks34
)
Package caption Info: Begin \AtBeginDocument code.
Package caption Info: subfig package v1.3 is loaded.
Package caption Info: float package is loaded.
Package caption Info: hyperref package is loaded.
Package caption Info: rotating package is loaded.
Package caption Info: End \AtBeginDocument code.
\AtBeginShipoutBox=\box98
Package hyperref Info: Link coloring OFF on input line 41.
 (c:/texlive/2020/texmf-dist/tex/latex/hyperref/nameref.sty
Package: nameref 2019/09/16 v2.46 Cross-referencing by name of section

(c:/texlive/2020/texmf-dist/tex/latex/refcount/refcount.sty
Package: refcount 2019/12/15 v3.6 Data extraction from label references (HO)
)
(c:/texlive/2020/texmf-dist/tex/generic/gettitlestring/gettitlestring.sty
Package: gettitlestring 2019/12/15 v1.6 Cleanup title references (HO)
)
\c@section@level=\count301
)
LaTeX Info: Redefining \ref on input line 41.
LaTeX Info: Redefining \pageref on input line 41.
LaTeX Info: Redefining \nameref on input line 41.

(./thesis.out) (./thesis.out)
\@outlinefile=\write3
\openout3 = `thesis.out'.

\c@theorem=\count302
\c@definition=\count303
<lancaster_University_Logo.png, id=389, 381.425pt x 119.44624pt>
File: lancaster_University_Logo.png Graphic file (type png)
<use lancaster_University_Logo.png>
Package pdftex.def Info: lancaster_University_Logo.png  used on input line 88.
(pdftex.def)             Requested size: 113.81102pt x 35.64095pt.
 [1

{c:/texlive/2020/texmf-var/fonts/map/pdftex/updmap/pdftex.map} <./Lancaster_uni
versity_logo.png>]
\openout2 = `preface/abstract.aux'.

 (./preface/abstract.tex
[2

])
\openout2 = `preface/dedication.aux'.

 (./preface/dedication.texpdfTeX warning (ext4): destination with the same iden
tifier (name{page.i}) has been already used, duplicate ignored
<to be read again> 
                   \relax 
l.6 \end{dedication}
                     [1



])
\openout2 = `preface/acknowledgements.aux'.

 (./preface/acknowledgements.texpdfTeX warning (ext4): destination with the sam
e identifier (name{page.ii}) has been already used, duplicate ignored
<to be read again> 
                   \relax 
l.53 
      [2


] [3])
\openout2 = `preface/declaration.aux'.

 (./preface/declaration.tex [4


])
\openout2 = `preface/quote.aux'.

 (./preface/quote.tex) [5


]
(./thesis.toc
LaTeX Font Info:    Trying to load font information for U+msa on input line 4.
 (c:/texlive/2020/texmf-dist/tex/latex/amsfonts/umsa.fd
File: umsa.fd 2013/01/14 v3.01 AMS symbols A
)
LaTeX Font Info:    Trying to load font information for U+msb on input line 4.

(c:/texlive/2020/texmf-dist/tex/latex/amsfonts/umsb.fd
File: umsb.fd 2013/01/14 v3.01 AMS symbols B
) [6


] [7] [8])
\tf@toc=\write4
\openout4 = `thesis.toc'.

 [9]
(./thesis.lof [10

] [11]
Underfull \vbox (badness 3364) has occurred while \output is active []

 [12]
Underfull \vbox (badness 10000) has occurred while \output is active []

 [13]
Underfull \vbox (badness 10000) has occurred while \output is active []

 [14]
[15]
Underfull \vbox (badness 2980) has occurred while \output is active []

 [16]
Underfull \vbox (badness 10000) has occurred while \output is active []

 [17]
[18]

Package natbib Warning: Citation `2016A&C....16...26W' on page xix undefined on
 input line 30.


Underfull \vbox (badness 10000) has occurred while \output is active []

 [19]
[20]
Underfull \vbox (badness 10000) has occurred while \output is active []

 [21]
[22]
Underfull \vbox (badness 10000) has occurred while \output is active []

 [23]
[24]
Underfull \vbox (badness 10000) has occurred while \output is active []

 [25])
\tf@lof=\write5
\openout5 = `thesis.lof'.


[26]
\openout2 = `preface/pubs.aux'.

 (./preface/pubs.tex [27

])
\openout2 = `Introduction/introduction.aux'.

 (./Introduction/introduction.tex
Chapter 1.
[1




] [2] [3] [4]
<Introduction/figures/merger-rates.png, id=813, 571.63562pt x 381.92688pt>
File: Introduction/figures/merger-rates.png Graphic file (type png)
<use Introduction/figures/merger-rates.png>
Package pdftex.def Info: Introduction/figures/merger-rates.png  used on input l
ine 34.
(pdftex.def)             Requested size: 391.93544pt x 261.86308pt.
 [5] [6 <./Introduction/figures/merger-rates.png>]
<Introduction/figures/hubble-tuning-fork.jpg, id=842, 693.3102pt x 519.8622pt>
File: Introduction/figures/hubble-tuning-fork.jpg Graphic file (type jpg)
<use Introduction/figures/hubble-tuning-fork.jpg>
Package pdftex.def Info: Introduction/figures/hubble-tuning-fork.jpg  used on i
nput line 50.
(pdftex.def)             Requested size: 391.93544pt x 293.88927pt.

Underfull \vbox (badness 7308) has occurred while \output is active []

 [7]
[8 <./Introduction/figures/hubble-tuning-fork.jpg>] [9]

LaTeX Warning: Command \r invalid in math mode on input line 62.


LaTeX Warning: Command \r invalid in math mode on input line 62.

<Introduction/figures/population-distribution.png, id=873, 433.11812pt x 342.27
875pt>
File: Introduction/figures/population-distribution.png Graphic file (type png)
<use Introduction/figures/population-distribution.png>
Package pdftex.def Info: Introduction/figures/population-distribution.png  used
 on input line 69.
(pdftex.def)             Requested size: 391.93544pt x 309.7454pt.
[10]

Package natbib Warning: Citation `paper on post-starburst galaxies and merger r
emnants' on page 11 undefined on input line 78.


Package natbib Warning: Citation `Paper on post-starburst galaxies and environm
ent' on page 11 undefined on input line 78.


Package natbib Warning: Citation `galaxy environment paper' on page 11 undefine
d on input line 80.


Package natbib Warning: Citation `Paper on environmental suppression' on page 1
1 undefined on input line 80.

[11] [12 <./Introduction/figures/population-distribution.png>]

Package natbib Warning: Citation `Paper on starbursting galaxies in interaction
.' on page 13 undefined on input line 82.


Package natbib Warning: Citation `Paper on quenching a galaxy with interaction'
 on page 13 undefined on input line 82.


Package natbib Warning: Citation `Paper on not much change in the SED of a gala
xy' on page 13 undefined on input line 82.


Package natbib Warning: Citation `paper saying mass ratio is important' on page
 13 undefined on input line 85.


Package natbib Warning: Citation `paper that says the gas content is important'
 on page 13 undefined on input line 85.


Package natbib Warning: Citation `Paper with these definitions in them?' on pag
e 13 undefined on input line 85.


Package natbib Warning: Citation `Paper on wet vs dry mergers' on page 13 undef
ined on input line 85.


Package natbib Warning: Citation `Paper on mixed / damp mergers' on page 13 und
efined on input line 85.

[13]

Package natbib Warning: Citation `Increases in SFR in wet interactions' on page
 14 undefined on input line 87.


Package natbib Warning: Citation `Papers on increases in SFR in coalesced merge
rs' on page 14 undefined on input line 87.


Package natbib Warning: Citation `Paper on wet major mergers and AGN' on page 1
4 undefined on input line 87.


Package natbib Warning: Citation `Papers on dry mergers leading to increased SF
R in the nuclear region' on page 14 undefined on input line 87.

<Introduction/figures/combined-examples-mergers.jpg, id=920, 1579.40062pt x 432
.11438pt>
File: Introduction/figures/combined-examples-mergers.jpg Graphic file (type jpg
)
<use Introduction/figures/combined-examples-mergers.jpg>
Package pdftex.def Info: Introduction/figures/combined-examples-mergers.jpg  us
ed on input line 91.
(pdftex.def)             Requested size: 391.93544pt x 107.2305pt.
[14]

Package natbib Warning: Citation `Papers on tidal dwarfs' on page 15 undefined 
on input line 96.


Package natbib Warning: Citation `Papers on MOND and that sort of thing' on pag
e 15 undefined on input line 96.


Package natbib Warning: Citation `Sugata's paper on the work' on page 15 undefi
ned on input line 96.


Package natbib Warning: Citation `Papers with minor interactions being primary 
drivers of cosmic SFR' on page 15 undefined on input line 96.


Package natbib Warning: Citation `Papers that say the LMC and SMC are examples 
of micro mergers' on page 15 undefined on input line 98.

[15 <./Introduction/figures/combined-examples-mergers.jpg>]

Package natbib Warning: Citation `Found this info in Chapter 8 of Binnie and Tr
emaine. Need to find a better source!' on page 16 undefined on input line 104.


Package natbib Warning: Citation `Some review paper' on page 16 undefined on in
put line 104.


Package natbib Warning: Citation `perhaps that states that these parameters are
 important' on page 16 undefined on input line 104.

[16]

Package natbib Warning: Citation `Papers on prograde and retrograde interaction
s' on page 17 undefined on input line 113.


Package natbib Warning: Citation `Papers on tidal dwarfs and need to actually p
roof this is a thing' on page 17 undefined on input line 113.

[17]

Package natbib Warning: Citation `Shell presense in galaxies' on page 18 undefi
ned on input line 115.

<Introduction/figures/shells-rings.jpg, id=942, 1112.65688pt x 726.21312pt>
File: Introduction/figures/shells-rings.jpg Graphic file (type jpg)
<use Introduction/figures/shells-rings.jpg>
Package pdftex.def Info: Introduction/figures/shells-rings.jpg  used on input l
ine 119.
(pdftex.def)             Requested size: 391.93544pt x 255.80731pt.

Package natbib Warning: Citation `Lynds and Toomre 1976' on page 18 undefined o
n input line 124.

[18] [19 <./Introduction/figures/shells-rings.jpg>]

Package natbib Warning: Citation `Papers on increases in star formation in the 
galactic disk?' on page 20 undefined on input line 137.


Package natbib Warning: Citation `What am I even saying here?' on page 20 undef
ined on input line 137.


Package natbib Warning: Citation `Seriously' on page 20 undefined on input line
 137.


Package natbib Warning: Citation `am I even making any sense here?' on page 20 
undefined on input line 137.

[20]

Package natbib Warning: Citation `Movement of gas to galactic centre causing AG
N' on page 21 undefined on input line 139.


Package natbib Warning: Citation `Paper on what an AGN actually is' on page 21 
undefined on input line 142.


Package natbib Warning: Citation `Paper on Seyfert 1 vs Seyfert 2 galaxies' on 
page 21 undefined on input line 144.


LaTeX Warning: Reference `fig:agn-structure' on page 21 undefined on input line
 146.

[21]

Package natbib Warning: Citation `Paper that gives those cuts. It's Kennedy and
 Ho or something like this' on page 22 undefined on input line 155.


Package natbib Warning: Citation `Paper on radio AGN identification' on page 22
 undefined on input line 155.


Package natbib Warning: Citation `Paper on X-ray emission' on page 22 undefined
 on input line 155.


Package natbib Warning: Citation `Paper on delay in AGN ignition' on page 22 un
defined on input line 157.


Package natbib Warning: Citation `probably Ellison 2011' on page 22 undefined o
n input line 157.


Package natbib Warning: Citation `Paper on AGN flickering' on page 22 undefined
 on input line 157.


Package natbib Warning: Citation `Paper on why delay might happen' on page 22 u
ndefined on input line 157.


Package natbib Warning: Citation `Paper on AGN mechansim being why delay could 
happen' on page 22 undefined on input line 157.

[22]

Package natbib Warning: Citation `papers on regular quenching' on page 23 undef
ined on input line 164.


Package natbib Warning: Citation `Paper on sudden shut down of SFR by interacti
on' on page 23 undefined on input line 164.

[23]

Package natbib Warning: Citation `Arp catalogue' on page 24 undefined on input 
line 169.


Package natbib Warning: Citation `Both parts of the VV catalogue' on page 24 un
defined on input line 169.


Package natbib Warning: Citation `Arp' on page 24 undefined on input line 169.


Package natbib Warning: Citation `Darg et all. paper' on page 24 undefined on i
nput line 171.


Package natbib Warning: Citation `Papers saying large numbers of interacting ga
laxies are removed.' on page 24 undefined on input line 171.

[24]

Package natbib Warning: Citation `Papers removing contamination of interacting 
galaxies' on page 25 undefined on input line 179.

[25]

Package natbib Warning: Citation `LDA paper' on page 26 undefined on input line
 181.


Package natbib Warning: Citation `Papers with estimating redshifts' on page 26 
undefined on input line 181.


Package natbib Warning: Citation `Papers on simulated to observed data in neura
l networks' on page 26 undefined on input line 181.


Package natbib Warning: Citation `Representation learning' on page 26 undefined
 on input line 183.

) [26]
\openout2 = `Chapter1/Chapter.aux'.

 (./Chapter1/Chapter.tex
Chapter 2.
[27



] [28] [29] [30] [31] [32]

Package natbib Warning: Citation `Zoobot' on page 33 undefined on input line 43
.

[33] [34] [35] [36] [37]
<Chapter2/figures/fig1.jpeg, id=1292, 867.24pt x 578.16pt>
File: Chapter2/figures/fig1.jpeg Graphic file (type jpg)
<use Chapter2/figures/fig1.jpeg>
Package pdftex.def Info: Chapter2/figures/fig1.jpeg  used on input line 79.
(pdftex.def)             Requested size: 350.68272pt x 233.79181pt.
<Chapter2/figures/fig2.jpeg, id=1293, 867.24pt x 578.16pt>
File: Chapter2/figures/fig2.jpeg Graphic file (type jpg)
<use Chapter2/figures/fig2.jpeg>
Package pdftex.def Info: Chapter2/figures/fig2.jpeg  used on input line 86.
(pdftex.def)             Requested size: 350.68272pt x 233.79181pt.
 [38] [39 <./Chapter2/figures/fig1.jpeg>] [40 <./Chapter2/figures/fig2.jpeg>] [
41]
<Chapter2/figures/fig3.jpeg, id=1317, 412.6617pt x 312.2064pt>
File: Chapter2/figures/fig3.jpeg Graphic file (type jpg)
<use Chapter2/figures/fig3.jpeg>
Package pdftex.def Info: Chapter2/figures/fig3.jpeg  used on input line 106.
(pdftex.def)             Requested size: 412.56496pt x 312.13417pt.
<Chapter2/figures/fig4.pdf, id=1323, 504.1052pt x 383.66086pt>
File: Chapter2/figures/fig4.pdf Graphic file (type pdf)
<use Chapter2/figures/fig4.pdf>
Package pdftex.def Info: Chapter2/figures/fig4.pdf  used on input line 117.
(pdftex.def)             Requested size: 412.56496pt x 313.9951pt.
 [42] [43 <./Chapter2/figures/fig3.jpeg>] [44 <./Chapter2/figures/fig4.pdf>]
<Chapter2/figures/fig5.pdf, id=1376, 511.67162pt x 519.77562pt>
File: Chapter2/figures/fig5.pdf Graphic file (type pdf)
<use Chapter2/figures/fig5.pdf>
Package pdftex.def Info: Chapter2/figures/fig5.pdf  used on input line 126.
(pdftex.def)             Requested size: 412.56496pt x 419.10454pt.
<Chapter2/figures/fig6.jpg, id=1379, 560.0925pt x 203.76125pt>
File: Chapter2/figures/fig6.jpg Graphic file (type jpg)
<use Chapter2/figures/fig6.jpg>
Package pdftex.def Info: Chapter2/figures/fig6.jpg  used on input line 137.
(pdftex.def)             Requested size: 412.56496pt x 150.09694pt.
 [45] [46 <./Chapter2/figures/fig5.pdf>] [47 <./Chapter2/figures/fig6.jpg>] [48
] [49]
<Chapter2/figures/fig7.jpeg, id=1471, 3613.5pt x 3613.5pt>
File: Chapter2/figures/fig7.jpeg Graphic file (type jpg)
<use Chapter2/figures/fig7.jpeg>
Package pdftex.def Info: Chapter2/figures/fig7.jpeg  used on input line 160.
(pdftex.def)             Requested size: 412.56496pt x 412.53877pt.


LaTeX Warning: Float too large for page by 101.58356pt on input line 163.

<Chapter2/figures/fig8.jpeg, id=1474, 742.2129pt x 717.6411pt>
File: Chapter2/figures/fig8.jpeg Graphic file (type jpg)
<use Chapter2/figures/fig8.jpeg>
Package pdftex.def Info: Chapter2/figures/fig8.jpeg  used on input line 167.
(pdftex.def)             Requested size: 412.56496pt x 398.90874pt.
[50] [51 <./Chapter2/figures/fig7.jpeg>] [52 <./Chapter2/figures/fig8.jpeg>]
<Chapter2/figures/fig9.jpeg, id=1499, 1300.86pt x 1951.29pt>
File: Chapter2/figures/fig9.jpeg Graphic file (type jpg)
<use Chapter2/figures/fig9.jpeg>
Package pdftex.def Info: Chapter2/figures/fig9.jpeg  used on input line 187.
(pdftex.def)             Requested size: 330.05322pt x 495.05644pt.


LaTeX Warning: Float too large for page by 20.90115pt on input line 190.


Package natbib Warning: Citation `NED1' on page 53 undefined on input line 192.



Package natbib Warning: Citation `VizieR' on page 53 undefined on input line 19
2.

[53] [54 <./Chapter2/figures/fig9.jpeg>] [55]
Overfull \hbox (317.64514pt too wide) in paragraph at lines 199--252
[][] 
 []


LaTeX Warning: Float too large for page by 183.7439pt on input line 254.

<Chapter2/figures/fig10.pdf, id=1526, 2071.72113pt x 1095.35762pt>
File: Chapter2/figures/fig10.pdf Graphic file (type pdf)
<use Chapter2/figures/fig10.pdf>
Package pdftex.def Info: Chapter2/figures/fig10.pdf  used on input line 257.
(pdftex.def)             Requested size: 412.56496pt x 218.13167pt.
[56 <./Chapter2/figures/fig10.pdf>] [57]
Overfull \hbox (20.65338pt too wide) in paragraph at lines 277--296
[][] 
 []

[58] [59]
<Chapter2/figures/fig11.jpeg, id=1617, 518.8986pt x 500.8311pt>
File: Chapter2/figures/fig11.jpeg Graphic file (type jpg)
<use Chapter2/figures/fig11.jpeg>
Package pdftex.def Info: Chapter2/figures/fig11.jpeg  used on input line 312.
(pdftex.def)             Requested size: 412.56496pt x 398.21233pt.
<Chapter2/figures/fig12.pdf, id=1618, 433.62pt x 505.89pt>
File: Chapter2/figures/fig12.pdf Graphic file (type pdf)
<use Chapter2/figures/fig12.pdf>
Package pdftex.def Info: Chapter2/figures/fig12.pdf  used on input line 319.
(pdftex.def)             Requested size: 412.56496pt x 481.34924pt.
 [60] [61 <./Chapter2/figures/fig11.jpeg>] [62 <./Chapter2/figures/fig12.pdf>] 
[63]
<Chapter2/figures/fig13.pdf, id=1690, 527.04938pt x 518.80324pt>
File: Chapter2/figures/fig13.pdf Graphic file (type pdf)
<use Chapter2/figures/fig13.pdf>
Package pdftex.def Info: Chapter2/figures/fig13.pdf  used on input line 347.
(pdftex.def)             Requested size: 412.56496pt x 406.12149pt.
 [64] [65 <./Chapter2/figures/fig13.pdf>] [66]
Underfull \vbox (badness 1389) has occurred while \output is active []

 [67]
[68]) [69]
\openout2 = `Chapter2/Chapter.aux'.

 (./Chapter2/Chapter.tex
Chapter 3.
[70



]

Package natbib Warning: Citation `2003MNRAS.346.1189L ' on page 71 undefined on
 input line 9.

[71] [72]
Underfull \vbox (badness 10000) has occurred while \output is active []

 [73]
[74]
<Chapter3/figures/mass-sfr-scatter.pdf, id=2004, 1146.8634pt x 568.33116pt>
File: Chapter3/figures/mass-sfr-scatter.pdf Graphic file (type pdf)
<use Chapter3/figures/mass-sfr-scatter.pdf>
Package pdftex.def Info: Chapter3/figures/mass-sfr-scatter.pdf  used on input l
ine 34.
(pdftex.def)             Requested size: 185.65297pt x 91.99283pt.
 [75] [76 <./Chapter3/figures/mass-sfr-scatter.pdf>]
<Chapter3/figures/cutouts_ex.pdf, id=2066, 1727.25305pt x 691.70946pt>
File: Chapter3/figures/cutouts_ex.pdf Graphic file (type pdf)
<use Chapter3/figures/cutouts_ex.pdf>
Package pdftex.def Info: Chapter3/figures/cutouts_ex.pdf  used on input line 52
.
(pdftex.def)             Requested size: 412.56496pt x 165.2115pt.
<Chapter3/figures/visualisation_classification.pdf, id=2069, 445.90588pt x 596.
14217pt>
File: Chapter3/figures/visualisation_classification.pdf Graphic file (type pdf)

<use Chapter3/figures/visualisation_classification.pdf>
Package pdftex.def Info: Chapter3/figures/visualisation_classification.pdf  use
d on input line 62.
(pdftex.def)             Requested size: 185.65297pt x 248.20396pt.
 [77] [78 <./Chapter3/figures/cutouts_ex.pdf>] [79 <./Chapter3/figures/visualis
ation_classification.pdf>]
<Chapter3/figures/mass-matching-pairs.pdf, id=2182, 517.8754pt x 502.34364pt>
File: Chapter3/figures/mass-matching-pairs.pdf Graphic file (type pdf)
<use Chapter3/figures/mass-matching-pairs.pdf>
Package pdftex.def Info: Chapter3/figures/mass-matching-pairs.pdf  used on inpu
t line 77.
(pdftex.def)             Requested size: 185.65297pt x 180.08472pt.
 [80 <./Chapter3/figures/mass-matching-pairs.pdf>]
<Chapter3/figures/stage-selection.pdf, id=2223, 593.36996pt x 597.0926pt>
File: Chapter3/figures/stage-selection.pdf Graphic file (type pdf)
<use Chapter3/figures/stage-selection.pdf>
Package pdftex.def Info: Chapter3/figures/stage-selection.pdf  used on input li
ne 92.
(pdftex.def)             Requested size: 185.65297pt x 186.81874pt.
 [81] [82 <./Chapter3/figures/stage-selection.pdf>] [83]
<Chapter3/figures/examples-stages.pdf, id=2280, 550.8507pt x 570.92484pt>
File: Chapter3/figures/examples-stages.pdf Graphic file (type pdf)
<use Chapter3/figures/examples-stages.pdf>
Package pdftex.def Info: Chapter3/figures/examples-stages.pdf  used on input li
ne 116.
(pdftex.def)             Requested size: 185.65297pt x 192.4131pt.
<Chapter3/figures/projected-seps.pdf, id=2281, 875.18405pt x 294.85217pt>
File: Chapter3/figures/projected-seps.pdf Graphic file (type pdf)
<use Chapter3/figures/projected-seps.pdf>
Package pdftex.def Info: Chapter3/figures/projected-seps.pdf  used on input lin
e 123.
(pdftex.def)             Requested size: 391.93544pt x 132.04787pt.
 [84 <./Chapter3/figures/examples-stages.pdf>]
[85 <./Chapter3/figures/projected-seps.pdf>]

Package natbib Warning: Citation `2016A&C....16...26W' on page 86 undefined on 
input line 136.

[86]
<Chapter3/figures/stage-evolution.jpg, id=2358, 696.10063pt x 349.305pt>
File: Chapter3/figures/stage-evolution.jpg Graphic file (type jpg)
<use Chapter3/figures/stage-evolution.jpg>
Package pdftex.def Info: Chapter3/figures/stage-evolution.jpg  used on input li
ne 140.
(pdftex.def)             Requested size: 391.93544pt x 196.67545pt.


Package natbib Warning: Citation `2016A&C....16...26W' on page 87 undefined on 
input line 141.


Package natbib Warning: Citation `2016A&C....16...26W' on page 87 undefined on 
input line 141.

[87 <./Chapter3/figures/stage-evolution.jpg>] [88] [89] [90]
<Chapter3/figures/sfr-mass-stages.pdf, id=2423, 572.38127pt x 585.78848pt>
File: Chapter3/figures/sfr-mass-stages.pdf Graphic file (type pdf)
<use Chapter3/figures/sfr-mass-stages.pdf>
Package pdftex.def Info: Chapter3/figures/sfr-mass-stages.pdf  used on input li
ne 171.
(pdftex.def)             Requested size: 185.65297pt x 189.99464pt.
 [91] [92 <./Chapter3/figures/sfr-mass-stages.pdf>]
<Chapter3/figures/stellar-mass-dist.pdf, id=2477, 480.14067pt x 494.4391pt>
File: Chapter3/figures/stellar-mass-dist.pdf Graphic file (type pdf)
<use Chapter3/figures/stellar-mass-dist.pdf>
Package pdftex.def Info: Chapter3/figures/stellar-mass-dist.pdf  used on input 
line 182.
(pdftex.def)             Requested size: 185.65297pt x 191.18576pt.
<Chapter3/figures/sfr-dist.pdf, id=2478, 480.14067pt x 496.44661pt>
File: Chapter3/figures/sfr-dist.pdf Graphic file (type pdf)
<use Chapter3/figures/sfr-dist.pdf>
Package pdftex.def Info: Chapter3/figures/sfr-dist.pdf  used on input line 189.

(pdftex.def)             Requested size: 185.65297pt x 191.962pt.
 [93 <./Chapter3/figures/stellar-mass-dist.pdf>] [94 <./Chapter3/figures/sfr-di
st.pdf>] [95]
<Chapter3/figures/sfr-clsf-dist.pdf, id=2579, 596.58884pt x 595.6303pt>
File: Chapter3/figures/sfr-clsf-dist.pdf Graphic file (type pdf)
<use Chapter3/figures/sfr-clsf-dist.pdf>
Package pdftex.def Info: Chapter3/figures/sfr-clsf-dist.pdf  used on input line
 220.
(pdftex.def)             Requested size: 185.65297pt x 185.35239pt.
<Chapter3/figures/sfr-clsf-bar.pdf, id=2582, 597.59259pt x 569.56477pt>
File: Chapter3/figures/sfr-clsf-bar.pdf Graphic file (type pdf)
<use Chapter3/figures/sfr-clsf-bar.pdf>
Package pdftex.def Info: Chapter3/figures/sfr-clsf-bar.pdf  used on input line 
227.
(pdftex.def)             Requested size: 185.65297pt x 176.94565pt.
 [96] [97 <./Chapter3/figures/sfr-clsf-dist.pdf>] [98 <./Chapter3/figures/sfr-c
lsf-bar.pdf>]
<Chapter3/figures/sfr-enhancement-projected-sep.pdf, id=2710, 1167.16055pt x 58
8.15768pt>
File: Chapter3/figures/sfr-enhancement-projected-sep.pdf Graphic file (type pdf
)
<use Chapter3/figures/sfr-enhancement-projected-sep.pdf>
Package pdftex.def Info: Chapter3/figures/sfr-enhancement-projected-sep.pdf  us
ed on input line 243.
(pdftex.def)             Requested size: 391.93544pt x 197.50296pt.
 [99] [100 <./Chapter3/figures/sfr-enhancement-projected-sep.pdf>]
Underfull \vbox (badness 1681) has occurred while \output is active []

 [101]
<Chapter3/figures/density-stage.pdf, id=2774, 580.39932pt x 582.1568pt>
File: Chapter3/figures/density-stage.pdf Graphic file (type pdf)
<use Chapter3/figures/density-stage.pdf>
Package pdftex.def Info: Chapter3/figures/density-stage.pdf  used on input line
 261.
(pdftex.def)             Requested size: 185.65297pt x 186.21402pt.

[102 <./Chapter3/figures/density-stage.pdf>]
<Chapter3/figures/sfr-mass-density.pdf, id=2818, 582.1951pt x 580.65118pt>
File: Chapter3/figures/sfr-mass-density.pdf Graphic file (type pdf)
<use Chapter3/figures/sfr-mass-density.pdf>
Package pdftex.def Info: Chapter3/figures/sfr-mass-density.pdf  used on input l
ine 270.
(pdftex.def)             Requested size: 185.65297pt x 185.15652pt.
 [103 <./Chapter3/figures/sfr-mass-density.pdf>]
<Chapter3/figures/agn-stage-dist.pdf, id=2883, 593.75826pt x 592.2144pt>
File: Chapter3/figures/agn-stage-dist.pdf Graphic file (type pdf)
<use Chapter3/figures/agn-stage-dist.pdf>
Package pdftex.def Info: Chapter3/figures/agn-stage-dist.pdf  used on input lin
e 284.
(pdftex.def)             Requested size: 185.65297pt x 185.16594pt.
<Chapter3/figures/agn-frac-time.pdf, id=2884, 420.63141pt x 368.96533pt>
File: Chapter3/figures/agn-frac-time.pdf Graphic file (type pdf)
<use Chapter3/figures/agn-frac-time.pdf>
Package pdftex.def Info: Chapter3/figures/agn-frac-time.pdf  used on input line
 303.
(pdftex.def)             Requested size: 185.65297pt x 162.8463pt.
 [104] [105 <./Chapter3/figures/agn-stage-dist.pdf> <./Chapter3/figures/agn-fra
c-time.pdf>]
<Chapter3/figures/sfg-agn-dist.pdf, id=2993, 273.21825pt x 561.95511pt>
File: Chapter3/figures/sfg-agn-dist.pdf Graphic file (type pdf)
<use Chapter3/figures/sfg-agn-dist.pdf>
Package pdftex.def Info: Chapter3/figures/sfg-agn-dist.pdf  used on input line 
315.
(pdftex.def)             Requested size: 185.65297pt x 381.86716pt.
 [106] [107 <./Chapter3/figures/sfg-agn-dist.pdf>]
[108] [109] [110] [111] [112] [113] [114]) [115]
\openout2 = `Chapter3/Chapter.aux'.

 (./Chapter3/Chapter.tex
Chapter 4.
[116



]

Package natbib Warning: Citation `Ellison_08' on page 117 undefined on input li
ne 7.


Package natbib Warning: Citation `2020ApJ...904...79M' on page 117 undefined on
 input line 7.

[117] [118] [119]
Overfull \hbox (85.68211pt too wide) in paragraph at lines 28--96
 [][] 
 []


LaTeX Warning: Float too large for page by 413.34372pt on input line 98.

<Chapter1/figures/All_SDSS_Images.png, id=3299, 959.0229pt x 1350.7263pt>
File: Chapter1/figures/All_SDSS_Images.png Graphic file (type png)
<use Chapter1/figures/All_SDSS_Images.png>
Package pdftex.def Info: Chapter1/figures/All_SDSS_Images.png  used on input li
ne 103.
(pdftex.def)             Requested size: 350.68272pt x 493.90756pt.
[120] [121] [122 <./Chapter1/figures/All_SDSS_Images.png>] [123]
Overfull \hbox (102.21501pt too wide) in paragraph at lines 123--136
 [][] 
 []

[124] [125] [126] [127] [128] [129] [130] [131] [132] [133] [134] [135]
<Chapter1/figures/arp240-obs-sim.pdf, id=3474, 832.65076pt x 404.45103pt>
File: Chapter1/figures/arp240-obs-sim.pdf Graphic file (type pdf)
<use Chapter1/figures/arp240-obs-sim.pdf>
Package pdftex.def Info: Chapter1/figures/arp240-obs-sim.pdf  used on input lin
e 262.
(pdftex.def)             Requested size: 309.4237pt x 150.2987pt.

[136] [137 <./Chapter1/figures/arp240-obs-sim.pdf>]
LaTeX Font Info:    Font shape `OT1/cmtt/bx/n' in size <14.4> not available
(Font)              Font shape `OT1/cmtt/m/n' tried instead on input line 284.
 [138] [139]
<Chapter1/figures/Arp240.pdf, id=3541, 2041.2941pt x 2052.66875pt>
File: Chapter1/figures/Arp240.pdf Graphic file (type pdf)
<use Chapter1/figures/Arp240.pdf>
Package pdftex.def Info: Chapter1/figures/Arp240.pdf  used on input line 302.
(pdftex.def)             Requested size: 412.56496pt x 414.8488pt.
<Chapter1/figures/Arp240-red-corner.pdf, id=3546, 860.01299pt x 424.46642pt>
File: Chapter1/figures/Arp240-red-corner.pdf Graphic file (type pdf)
<use Chapter1/figures/Arp240-red-corner.pdf>
Package pdftex.def Info: Chapter1/figures/Arp240-red-corner.pdf  used on input 
line 311.
(pdftex.def)             Requested size: 412.56496pt x 203.62497pt.
 [140] [141 <./Chapter1/figures/Arp240.pdf>] [142 <./Chapter1/figures/Arp240-re
d-corner.pdf>]
[143] [144]
<Chapter1/figures/best-fits-comb.pdf, id=3646, 722.7pt x 289.08pt>
File: Chapter1/figures/best-fits-comb.pdf Graphic file (type pdf)
<use Chapter1/figures/best-fits-comb.pdf>
Package pdftex.def Info: Chapter1/figures/best-fits-comb.pdf  used on input lin
e 345.
(pdftex.def)             Requested size: 412.56496pt x 165.02432pt.
 [145 <./Chapter1/figures/best-fits-comb.pdf>] [146]
<Chapter1/figures/arp-240-steps.pdf, id=3681, 287.97275pt x 700.94582pt>
File: Chapter1/figures/arp-240-steps.pdf Graphic file (type pdf)
<use Chapter1/figures/arp-240-steps.pdf>
Package pdftex.def Info: Chapter1/figures/arp-240-steps.pdf  used on input line
 363.
(pdftex.def)             Requested size: 185.65297pt x 451.88733pt.


LaTeX Warning: Float too large for page by 4.93205pt on input line 366.

[147] [148 <./Chapter1/figures/arp-240-steps.pdf>]
<Chapter1/figures/vel-red-corner.pdf, id=3749, 565.51277pt x 281.85298pt>
File: Chapter1/figures/vel-red-corner.pdf Graphic file (type pdf)
<use Chapter1/figures/vel-red-corner.pdf>
Package pdftex.def Info: Chapter1/figures/vel-red-corner.pdf  used on input lin
e 381.
(pdftex.def)             Requested size: 371.30594pt x 185.06018pt.
 [149]
Underfull \vbox (badness 1205) has occurred while \output is active []

 [150 <./Chapter1/figures/vel-red-corner.pdf>]
<Chapter1/figures/masses-comb.pdf, id=3775, 867.24pt x 578.16pt>
File: Chapter1/figures/masses-comb.pdf Graphic file (type pdf)
<use Chapter1/figures/masses-comb.pdf>
Package pdftex.def Info: Chapter1/figures/masses-comb.pdf  used on input line 3
96.
(pdftex.def)             Requested size: 371.30594pt x 247.53648pt.
 [151 <./Chapter1/figures/masses-comb.pdf>]
[152]

LaTeX Warning: No positions in optional float specifier.
               Default added (so using `tbp') on input line 406.

[153] [154]
<Chapter1/figures/Arp240-red-corner-obs.pdf, id=3833, 860.01299pt x 426.33408pt
>
File: Chapter1/figures/Arp240-red-corner-obs.pdf Graphic file (type pdf)
<use Chapter1/figures/Arp240-red-corner-obs.pdf>
Package pdftex.def Info: Chapter1/figures/Arp240-red-corner-obs.pdf  used on in
put line 435.
(pdftex.def)             Requested size: 412.56496pt x 204.52094pt.
 [155] [156 <./Chapter1/figures/Arp240-red-corner-obs.pdf>] [157]
[158] [159] [160]) [161]
\openout2 = `Conclusion/conclusion.aux'.

 (./Conclusion/conclusion.tex
Chapter 5.
[162



] [163] [164]

Package natbib Warning: Citation `Paper of NVIDEA numerical simulation' on page
 165 undefined on input line 32.

[165]

Package natbib Warning: Citation `Papers by Nial Jeffery' on page 166 undefined
 on input line 34.

) [166] (./appendix1/appx.tex
Appendix A.
) (./appendix2/appx.tex [167


]
Appendix B.
[168

]
<Chapter2/figures/fig14.jpg, id=3917, 614.295pt x 303.1325pt>
File: Chapter2/figures/fig14.jpg Graphic file (type jpg)
<use Chapter2/figures/fig14.jpg>
Package pdftex.def Info: Chapter2/figures/fig14.jpg  used on input line 14.
(pdftex.def)             Requested size: 391.93544pt x 193.40746pt.
<Chapter2/figures/fig15.pdf, id=3918, 728.14221pt x 717.54825pt>
File: Chapter2/figures/fig15.pdf Graphic file (type pdf)
<use Chapter2/figures/fig15.pdf>
Package pdftex.def Info: Chapter2/figures/fig15.pdf  used on input line 21.
(pdftex.def)             Requested size: 268.1647pt x 264.26242pt.
<Chapter2/figures/fig16.jpeg, id=3922, 859.2903pt x 570.933pt>
File: Chapter2/figures/fig16.jpeg Graphic file (type jpg)
<use Chapter2/figures/fig16.jpeg>
Package pdftex.def Info: Chapter2/figures/fig16.jpeg  used on input line 31.
(pdftex.def)             Requested size: 350.68272pt x 233.00378pt.
 [169] [170 <./Chapter2/figures/fig14.jpg>] [171 <./Chapter2/figures/fig15.pdf>
]
<Chapter2/figures/fig17.pdf, id=3964, 867.24pt x 578.16pt>
File: Chapter2/figures/fig17.pdf Graphic file (type pdf)
<use Chapter2/figures/fig17.pdf>
Package pdftex.def Info: Chapter2/figures/fig17.pdf  used on input line 45.
(pdftex.def)             Requested size: 350.68272pt x 233.79181pt.

Underfull \vbox (badness 10000) has occurred while \output is active []

 [172 <./Chapter2/figures/fig16.jpeg>] [173 <./Chapter2/figures/fig17.pdf>]
Overfull \hbox (290.30844pt too wide) in paragraph at lines 55--77
 [][] 
 []

) (./thesis.bbl [174] [175

] [176] [177] [178] [179] [180] [181] [182] [183]
[184] [185] [186] [187] [188] [189])

Package natbib Warning: There were undefined citations.

Package atveryend Info: Empty hook `BeforeClearDocument' on input line 181.
[190]
Package atveryend Info: Empty hook `AfterLastShipout' on input line 181.
 (./thesis.aux (./preface/abstract.aux) (./preface/dedication.aux)
(./preface/acknowledgements.aux) (./preface/declaration.aux)
(./preface/quote.aux) (./preface/pubs.aux) (./Introduction/introduction.aux)
(./Chapter1/Chapter.aux) (./Chapter2/Chapter.aux) (./Chapter3/Chapter.aux)
(./Conclusion/conclusion.aux))
Package atveryend Info: Executing hook `AtVeryEndDocument' on input line 181.
Package atveryend Info: Executing hook `AtEndAfterFileList' on input line 181.
Package rerunfilecheck Info: File `thesis.out' has not changed.
(rerunfilecheck)             Checksum: ACD5C79507BF362B2C014DC4E3FCBAAF;7872.


LaTeX Warning: There were undefined references.


LaTeX Warning: There were multiply-defined labels.

Package atveryend Info: Empty hook `AtVeryVeryEnd' on input line 181.
 )
(\end occurred inside a group at level 1)

### simple group (level 1) entered at line 156 ({)
### bottom level 
Here is how much of TeX's memory you used:
 11973 strings out of 480876
 191566 string characters out of 5911487
 535726 words of memory out of 5000000
 26579 multiletter control sequences out of 15000+600000
 549123 words of font info for 82 fonts, out of 8000000 for 9000
 1141 hyphenation exceptions out of 8191
 51i,12n,50p,2028b,1076s stack positions out of 5000i,500n,10000p,200000b,80000s
pdfTeX warning (dest): name{Hfootnote.10} has been referenced b
ut does not exist, replaced by a fixed one

pdfTeX warning (dest): name{Hfootnote.9} has been referenced but does not exist
, replaced by a fixed one

pdfTeX warning (dest): name{Hfootnote.8} has been referenced but does not exist
, replaced by a fixed one

pdfTeX warning (dest): name{Hfootnote.7} has been referenced but does not exist
, replaced by a fixed one

pdfTeX warning (dest): name{Hfootnote.6} has been referenced but does not exist
, replaced by a fixed one

pdfTeX warning (dest): name{Hfootnote.5} has been referenced but does not exist
, replaced by a fixed one

pdfTeX warning (dest): name{Hfootnote.4} has been referenced but does not exist
, replaced by a fixed one

pdfTeX warning (dest): name{Hfootnote.3} has been referenced but does not exist
, replaced by a fixed one

pdfTeX warning (dest): name{Hfootnote.2} has been referenced but does not exist
, replaced by a fixed one

pdfTeX warning (dest): name{Hfootnote.1} has been referenced but does not exist
, replaced by a fixed one

{c:/texlive/2020/texmf-dist/fonts/enc/dvips/cm-super/cm-super-ts1.enc}<c:/texli
ve/2020/texmf-dist/fonts/type1/public/amsfonts/cm/cmbx10.pfb><c:/texlive/2020/t
exmf-dist/fonts/type1/public/amsfonts/cm/cmbx12.pfb><c:/texlive/2020/texmf-dist
/fonts/type1/public/amsfonts/cm/cmbxti10.pfb><c:/texlive/2020/texmf-dist/fonts/
type1/public/amsfonts/cm/cmcsc10.pfb><c:/texlive/2020/texmf-dist/fonts/type1/pu
blic/amsfonts/cm/cmex10.pfb><c:/texlive/2020/texmf-dist/fonts/type1/public/amsf
onts/cm/cmmi10.pfb><c:/texlive/2020/texmf-dist/fonts/type1/public/amsfonts/cm/c
mmi12.pfb><c:/texlive/2020/texmf-dist/fonts/type1/public/amsfonts/cm/cmmi6.pfb>
<c:/texlive/2020/texmf-dist/fonts/type1/public/amsfonts/cm/cmmi8.pfb><c:/texliv
e/2020/texmf-dist/fonts/type1/public/amsfonts/cm/cmr10.pfb><c:/texlive/2020/tex
mf-dist/fonts/type1/public/amsfonts/cm/cmr12.pfb><c:/texlive/2020/texmf-dist/fo
nts/type1/public/amsfonts/cm/cmr17.pfb><c:/texlive/2020/texmf-dist/fonts/type1/
public/amsfonts/cm/cmr7.pfb><c:/texlive/2020/texmf-dist/fonts/type1/public/amsf
onts/cm/cmr8.pfb><c:/texlive/2020/texmf-dist/fonts/type1/public/amsfonts/cm/cms
y10.pfb><c:/texlive/2020/texmf-dist/fonts/type1/public/amsfonts/cm/cmsy6.pfb><c
:/texlive/2020/texmf-dist/fonts/type1/public/amsfonts/cm/cmsy8.pfb><c:/texlive/
2020/texmf-dist/fonts/type1/public/amsfonts/cm/cmti10.pfb><c:/texlive/2020/texm
f-dist/fonts/type1/public/amsfonts/cm/cmti12.pfb><c:/texlive/2020/texmf-dist/fo
nts/type1/public/amsfonts/cm/cmtt10.pfb><c:/texlive/2020/texmf-dist/fonts/type1
/public/amsfonts/cm/cmtt12.pfb><c:/texlive/2020/texmf-dist/fonts/type1/public/a
msfonts/symbols/msam10.pfb><c:/texlive/2020/texmf-dist/fonts/type1/public/cm-su
per/sfrm1200.pfb>
Output written on thesis.pdf (219 pages, 9681994 bytes).
PDF statistics:
 4840 PDF objects out of 5155 (max. 8388607)
 3477 compressed objects within 35 object streams
 668 named destinations out of 1000 (max. 500000)
 1024 words of extra memory for PDF output out of 10000 (max. 10000000)

