\BOOKMARK [0][]{chapter*.2}{List of Figures}{}% 1
\BOOKMARK [0][]{chapter.1}{1 Introduction}{}% 2
\BOOKMARK [1][]{section.1.1}{1.1 GALAXY INTERACTION}{chapter.1}% 3
\BOOKMARK [1][]{section.1.2}{1.2 GALAXY INTERACTION IN THE COSMOLOGICAL CONTEXT}{chapter.1}% 4
\BOOKMARK [1][]{section.1.3}{1.3 SIMULATIONS OF GALAXY INTERACTION}{chapter.1}% 5
\BOOKMARK [2][]{subsection.1.3.1}{1.3.1 Prior Examples}{section.1.3}% 6
\BOOKMARK [2][]{subsection.1.3.2}{1.3.2 PySPAM}{section.1.3}% 7
\BOOKMARK [1][]{section.1.4}{1.4 STATSTISTICALLY CONSTRAINING INTERACTION}{chapter.1}% 8
\BOOKMARK [2][]{subsection.1.4.1}{1.4.1 Bayesian Statistics \046 MCMC}{section.1.4}% 9
\BOOKMARK [2][]{subsection.1.4.2}{1.4.2 Previous Examples}{section.1.4}% 10
\BOOKMARK [1][]{section.1.5}{1.5 INTERACTING GALAXY IDENTIFICATION}{chapter.1}% 11
\BOOKMARK [2][]{subsection.1.5.1}{1.5.1 By Citizen Scientists}{section.1.5}% 12
\BOOKMARK [2][]{subsection.1.5.2}{1.5.2 By Machine Learning}{section.1.5}% 13
\BOOKMARK [2][]{subsection.1.5.3}{1.5.3 Existing Spectroscopic Surveys}{section.1.5}% 14
\BOOKMARK [2][]{subsection.1.5.4}{1.5.4 Limitations}{section.1.5}% 15
\BOOKMARK [1][]{section.1.6}{1.6 LARGE SAMPLES OF INTERACTING GALAXIES}{chapter.1}% 16
\BOOKMARK [2][]{subsection.1.6.1}{1.6.1 Created by Citizen Scientists}{section.1.6}% 17
\BOOKMARK [2][]{subsection.1.6.2}{1.6.2 Found with Machine Learning}{section.1.6}% 18
\BOOKMARK [1][]{section.1.7}{1.7 Thesis Outline}{chapter.1}% 19
\BOOKMARK [0][]{chapter.2}{2 Galaxy Zoo: Mergers \046 Constraining Interaction}{}% 20
\BOOKMARK [1][]{section.2.1}{2.1 Abstract}{chapter.2}% 21
\BOOKMARK [1][]{section.2.2}{2.2 INTRODUCTION}{chapter.2}% 22
\BOOKMARK [1][]{section.2.3}{2.3 DATA}{chapter.2}% 23
\BOOKMARK [2][]{subsection.2.3.1}{2.3.1 Galaxy Zoo: Mergers sample}{section.2.3}% 24
\BOOKMARK [2][]{subsection.2.3.2}{2.3.2 Galaxy Zoo Mergers: Constraining Interaction}{section.2.3}% 25
\BOOKMARK [2][]{subsection.2.3.3}{2.3.3 Observation Preparation}{section.2.3}% 26
\BOOKMARK [1][]{section.2.4}{2.4 METHODS}{chapter.2}% 27
\BOOKMARK [2][]{subsection.2.4.1}{2.4.1 Simulations: APySPAM}{section.2.4}% 28
\BOOKMARK [3][]{subsubsection.2.4.1.1}{2.4.1.1 Stellar Population Evolution}{subsection.2.4.1}% 29
\BOOKMARK [3][]{subsubsection.2.4.1.2}{2.4.1.2 Star Formation}{subsection.2.4.1}% 30
\BOOKMARK [2][]{subsection.2.4.2}{2.4.2 Flux Distribution}{section.2.4}% 31
\BOOKMARK [3][]{subsubsection.2.4.2.1}{2.4.2.1 Impact on Computation Time}{subsection.2.4.2}% 32
\BOOKMARK [2][]{subsection.2.4.3}{2.4.3 Defining the Likelihood Function}{section.2.4}% 33
\BOOKMARK [3][]{subsubsection.2.4.3.1}{2.4.3.1 Bayes Theorem}{subsection.2.4.3}% 34
\BOOKMARK [3][]{subsubsection.2.4.3.2}{2.4.3.2 Simplifying the Prior}{subsection.2.4.3}% 35
\BOOKMARK [3][]{subsubsection.2.4.3.3}{2.4.3.3 Simplifying the Likelihood Function}{subsection.2.4.3}% 36
\BOOKMARK [2][]{subsection.2.4.4}{2.4.4 Architecture for Exploring Parameter Space: EMCEE}{section.2.4}% 37
\BOOKMARK [1][]{section.2.5}{2.5 RESULTS \046 DISCUSSION}{chapter.2}% 38
\BOOKMARK [2][]{subsection.2.5.1}{2.5.1 Testing on a Single System: Arp 240}{section.2.5}% 39
\BOOKMARK [2][]{subsection.2.5.2}{2.5.2 Diagnostics of Pipeline}{section.2.5}% 40
\BOOKMARK [2][]{subsection.2.5.3}{2.5.3 Inputting 3D Information}{section.2.5}% 41
\BOOKMARK [2][]{subsection.2.5.4}{2.5.4 Recovering the Galaxy Zoo: Mergers Results}{section.2.5}% 42
\BOOKMARK [2][]{subsection.2.5.5}{2.5.5 Applying to Observations}{section.2.5}% 43
\BOOKMARK [2][]{subsection.2.5.6}{2.5.6 Limitations}{section.2.5}% 44
\BOOKMARK [3][]{subsubsection.2.5.6.1}{2.5.6.1 Resolution \046 Depth Effects}{subsection.2.5.6}% 45
\BOOKMARK [3][]{subsubsection.2.5.6.2}{2.5.6.2 Computational Expense}{subsection.2.5.6}% 46
\BOOKMARK [1][]{section.2.6}{2.6 CONCLUSIONS \046 FUTURE WORK}{chapter.2}% 47
\BOOKMARK [0][]{chapter.3}{3 Creating a Large Sample of Interacting Galaxies}{}% 48
\BOOKMARK [1][]{section.3.1}{3.1 Abstract}{chapter.3}% 49
\BOOKMARK [1][]{section.3.2}{3.2 INTRODUCTION}{chapter.3}% 50
\BOOKMARK [1][]{section.3.3}{3.3 DATA}{chapter.3}% 51
\BOOKMARK [2][]{subsection.3.3.1}{3.3.1 The Hubble Archives \046 ESA Datalabs}{section.3.3}% 52
\BOOKMARK [2][]{subsection.3.3.2}{3.3.2 The Shapely Python Package}{section.3.3}% 53
\BOOKMARK [1][]{section.3.4}{3.4 UTILISING A CONVOLUTIONAL NEURAL NETWORK}{chapter.3}% 54
\BOOKMARK [2][]{subsection.3.4.1}{3.4.1 Zoobot}{section.3.4}% 55
\BOOKMARK [2][]{subsection.3.4.2}{3.4.2 Transfer Learning}{section.3.4}% 56
\BOOKMARK [1][]{section.3.5}{3.5 CREATING THE TRAINING SET}{chapter.3}% 57
\BOOKMARK [2][]{subsection.3.5.1}{3.5.1 Interacting Galaxies and Galaxy Zoo}{section.3.5}% 58
\BOOKMARK [2][]{subsection.3.5.2}{3.5.2 One Active Learning Cycle}{section.3.5}% 59
\BOOKMARK [1][]{section.3.6}{3.6 DIAGNOSTICS}{chapter.3}% 60
\BOOKMARK [2][]{subsection.3.6.1}{3.6.1 Model Performance}{section.3.6}% 61
\BOOKMARK [2][]{subsection.3.6.2}{3.6.2 Duplication Removal}{section.3.6}% 62
\BOOKMARK [2][]{subsection.3.6.3}{3.6.3 Bad Predictions \046 Removal}{section.3.6}% 63
\BOOKMARK [1][]{section.3.7}{3.7 RESULTS \046 DISCUSSION}{chapter.3}% 64
\BOOKMARK [2][]{subsection.3.7.1}{3.7.1 An Interacting Galaxy Catalogue}{section.3.7}% 65
\BOOKMARK [2][]{subsection.3.7.2}{3.7.2 The Gems}{section.3.7}% 66
\BOOKMARK [2][]{subsection.3.7.3}{3.7.3 Source Redshifts and Photometry}{section.3.7}% 67
\BOOKMARK [1][]{section.3.8}{3.8 CONCLUSION}{chapter.3}% 68
\BOOKMARK [0][]{chapter.4}{4 Galaxy Interaction in COSMOS}{}% 69
\BOOKMARK [1][]{section.4.1}{4.1 INTRODUCTION}{chapter.4}% 70
\BOOKMARK [1][]{section.4.2}{4.2 DATA}{chapter.4}% 71
\BOOKMARK [2][]{subsection.4.2.1}{4.2.1 The O'Ryan+23 Catalogue}{section.4.2}% 72
\BOOKMARK [2][]{subsection.4.2.2}{4.2.2 The COSMOS2020 Catalogue}{section.4.2}% 73
\BOOKMARK [1][]{section.4.3}{4.3 Galaxy Classification}{chapter.4}% 74
\BOOKMARK [2][]{subsection.4.3.1}{4.3.1 Into Stage of Interaction}{section.4.3}% 75
\BOOKMARK [2][]{subsection.4.3.2}{4.3.2 AGN Identification}{section.4.3}% 76
\BOOKMARK [1][]{section.4.4}{4.4 RESULTS \046 DISCUSSION}{chapter.4}% 77
\BOOKMARK [2][]{subsection.4.4.1}{4.4.1 Star Formation with Stage}{section.4.4}% 78
\BOOKMARK [2][]{subsection.4.4.2}{4.4.2 AGN Activity with Stage}{section.4.4}% 79
\BOOKMARK [2][]{subsection.4.4.3}{4.4.3 Controlling for Environment}{section.4.4}% 80
\BOOKMARK [2][]{subsection.4.4.4}{4.4.4 Limitations of Approach}{section.4.4}% 81
\BOOKMARK [1][]{section.4.5}{4.5 CONCLUSION}{chapter.4}% 82
\BOOKMARK [0][]{chapter.5}{5 Conclusion}{}% 83
\BOOKMARK [1][]{section.5.1}{5.1 SOFTWARE FOR STATISTICAL CONSTRAINT}{chapter.5}% 84
\BOOKMARK [1][]{section.5.2}{5.2 CREATING LARGE SAMPLES WITH MACHINE LEARNING}{chapter.5}% 85
\BOOKMARK [1][]{section.5.3}{5.3 APPYING LARGE CATALOGUES: PROSPECTS}{chapter.5}% 86
\BOOKMARK [1][]{section.5.4}{5.4 APPLYING LARGE CATALOGUES: CURRENT LIMITATIONS}{chapter.5}% 87
\BOOKMARK [1][]{section.5.5}{5.5 FUTURE WORK}{chapter.5}% 88
\BOOKMARK [0][]{appendix.1.A}{Appendix A MCMC Best Fit Values}{}% 89
\BOOKMARK [1][]{section.1.A.1}{A.1 Galaxy Zoo: Mergers Best Fit Parameters}{appendix.1.A}% 90
\BOOKMARK [0][]{appendix.1.B}{Appendix B Model Diagnostics \046 Further Identified Objects}{}% 91
\BOOKMARK [1][]{section.1.B.1}{B.1 Further Model Diagnostics}{appendix.1.B}% 92
\BOOKMARK [1][]{section.1.B.2}{B.2 Examples of Sources with 3-Band Information}{appendix.1.B}% 93
\BOOKMARK [1][]{section.1.B.3}{B.3 Unknown Objects}{appendix.1.B}% 94
\BOOKMARK [1][]{section.1.B.4}{B.4 Acknowledging PIs}{appendix.1.B}% 95
\BOOKMARK [0][]{appendix*.38}{References}{}% 96
