This is pdfTeX, Version 3.14159265-2.6-1.40.17 (MiKTeX 2.9) (preloaded format=pdflatex 2016.8.26)  27 MAR 2017 11:30
entering extended mode
**./quote.tex
(quote.tex
LaTeX2e <2016/03/31> patch level 3
Babel <3.9r> and hyphenation patterns for 75 language(s) loaded.

! LaTeX Error: Environment quote undefined.

See the LaTeX manual or LaTeX Companion for explanation.
Type  H <return>  for immediate help.
 ...                                              
                                                  
l.3 \begin{quote}
                 
Your command was ignored.
Type  I <command> <return>  to replace it with another command,
or  <return>  to continue without it.


! LaTeX Error: Missing \begin{document}.

See the LaTeX manual or LaTeX Companion for explanation.
Type  H <return>  for immediate help.
 ...                                              
                                                  
l.5 ...are places where a thought might grow -- "}
                                                  \\
You're in trouble here.  Try typing  <return>  to proceed.
If that doesn't work, type  X <return>  to quit.

Missing character: There is no D in font nullfont!
Missing character: There is no e in font nullfont!
Missing character: There is no r in font nullfont!
Missing character: There is no e in font nullfont!
Missing character: There is no k in font nullfont!
Missing character: There is no M in font nullfont!
Missing character: There is no a in font nullfont!
Missing character: There is no h in font nullfont!
Missing character: There is no o in font nullfont!
Missing character: There is no n in font nullfont!
Missing character: There is no . in font nullfont!

Overfull \hbox (46.74983pt too wide) in paragraph at lines 5--7
[]\OT1/cmr/m/it/10 "Even
 []


Overfull \hbox (17.37769pt too wide) in paragraph at lines 5--7
\OT1/cmr/m/it/10 now
 []


Overfull \hbox (21.3387pt too wide) in paragraph at lines 5--7
\OT1/cmr/m/it/10 there
 []


Overfull \hbox (13.41655pt too wide) in paragraph at lines 5--7
\OT1/cmr/m/it/10 are
 []


Overfull \hbox (25.55537pt too wide) in paragraph at lines 5--7
\OT1/cmr/m/it/10 places
 []


Overfull \hbox (24.66092pt too wide) in paragraph at lines 5--7
\OT1/cmr/m/it/10 where
 []


Overfull \hbox (5.11108pt too wide) in paragraph at lines 5--7
\OT1/cmr/m/it/10 a
 []


Overfull \hbox (31.94423pt too wide) in paragraph at lines 5--7
\OT1/cmr/m/it/10 thought
 []


Overfull \hbox (24.27762pt too wide) in paragraph at lines 5--7
\OT1/cmr/m/it/10 might
 []


Overfull \hbox (20.06096pt too wide) in paragraph at lines 5--7
\OT1/cmr/m/it/10 grow
 []


Overfull \hbox (5.11108pt too wide) in paragraph at lines 5--7
\OT1/cmr/m/it/10 --
 []


Overfull \hbox (5.84055pt too wide) in paragraph at lines 5--7
\OT1/cmr/m/it/10 " 
 []


! LaTeX Error: \begin{document} ended by \end{quote}.

See the LaTeX manual or LaTeX Companion for explanation.
Type  H <return>  for immediate help.
 ...                                              
                                                  
l.8 \end{quote}
               
Your command was ignored.
Type  I <command> <return>  to replace it with another command,
or  <return>  to continue without it.

)
! Emergency stop.
<*> ./quote.tex
               
*** (job aborted, no legal \end found)

 
Here is how much of TeX's memory you used:
 11 strings out of 493334
 115 string characters out of 3136660
 53242 words of memory out of 3000000
 3640 multiletter control sequences out of 15000+200000
 3986 words of font info for 15 fonts, out of 3000000 for 9000
 1141 hyphenation exceptions out of 8191
 13i,1n,10p,99b,69s stack positions out of 5000i,500n,10000p,200000b,50000s
!  ==> Fatal error occurred, no output PDF file produced!
